2015-08-09T14:15:00+03:00 CRIT (2): exception 'Doctrine\ORM\Query\QueryException' with message 'SELECT c FROM cart d WHERE c.expire < :today' in /home/ubuntu/workspace/vendor/doctrine/orm/lib/Doctrine/ORM/Query/QueryException.php:41
Stack trace:
#0 /home/ubuntu/workspace/vendor/doctrine/orm/lib/Doctrine/ORM/Query/Parser.php(483): Doctrine\ORM\Query\QueryException::dqlError('SELECT c FROM c...')
#1 /home/ubuntu/workspace/vendor/doctrine/orm/lib/Doctrine/ORM/Query/Parser.php(971): Doctrine\ORM\Query\Parser->semanticalError('Class 'cart' is...', Array)
#2 /home/ubuntu/workspace/vendor/doctrine/orm/lib/Doctrine/ORM/Query/Parser.php(1656): Doctrine\ORM\Query\Parser->AbstractSchemaName()
#3 /home/ubuntu/workspace/vendor/doctrine/orm/lib/Doctrine/ORM/Query/Parser.php(1546): Doctrine\ORM\Query\Parser->RangeVariableDeclaration()
#4 /home/ubuntu/workspace/vendor/doctrine/orm/lib/Doctrine/ORM/Query/Parser.php(1286): Doctrine\ORM\Query\Parser->IdentificationVariableDeclaration()
#5 /home/ubuntu/workspace/vendor/doctrine/orm/lib/Doctrine/ORM/Query/Parser.php(874): Doctrine\ORM\Query\Parser->FromClause()
#6 /home/ubuntu/workspace/vendor/doctrine/orm/lib/Doctrine/ORM/Query/Parser.php(843): Doctrine\ORM\Query\Parser->SelectStatement()
#7 /home/ubuntu/workspace/vendor/doctrine/orm/lib/Doctrine/ORM/Query/Parser.php(268): Doctrine\ORM\Query\Parser->QueryLanguage()
#8 /home/ubuntu/workspace/vendor/doctrine/orm/lib/Doctrine/ORM/Query/Parser.php(351): Doctrine\ORM\Query\Parser->getAST()
#9 /home/ubuntu/workspace/vendor/doctrine/orm/lib/Doctrine/ORM/Query.php(255): Doctrine\ORM\Query\Parser->parse()
#10 /home/ubuntu/workspace/vendor/doctrine/orm/lib/Doctrine/ORM/Query.php(267): Doctrine\ORM\Query->_parse()
#11 /home/ubuntu/workspace/vendor/doctrine/orm/lib/Doctrine/ORM/AbstractQuery.php(794): Doctrine\ORM\Query->_doExecute()
#12 /home/ubuntu/workspace/vendor/doctrine/orm/lib/Doctrine/ORM/AbstractQuery.php(574): Doctrine\ORM\AbstractQuery->execute(NULL, 1)
#13 /home/ubuntu/workspace/module/Application/src/Application/Service/CartService.php(31): Doctrine\ORM\AbstractQuery->getResult()
#14 /home/ubuntu/workspace/module/Application/Module.php(36): Application\Service\CartService->verify()
#15 [internal function]: Application\Module->Application\{closure}(Object(Zend\Mvc\MvcEvent))
#16 /home/ubuntu/workspace/vendor/zendframework/zend-eventmanager/src/EventManager.php(444): call_user_func(Object(Closure), Object(Zend\Mvc\MvcEvent))
#17 /home/ubuntu/workspace/vendor/zendframework/zend-eventmanager/src/EventManager.php(205): Zend\EventManager\EventManager->triggerListeners('dispatch', Object(Zend\Mvc\MvcEvent), Object(Closure))
#18 /home/ubuntu/workspace/vendor/zendframework/zend-mvc/src/Controller/AbstractController.php(118): Zend\EventManager\EventManager->trigger('dispatch', Object(Zend\Mvc\MvcEvent), Object(Closure))
#19 /home/ubuntu/workspace/vendor/zendframework/zend-mvc/src/DispatchListener.php(93): Zend\Mvc\Controller\AbstractController->dispatch(Object(Zend\Http\PhpEnvironment\Request), Object(Zend\Http\PhpEnvironment\Response))
#20 [internal function]: Zend\Mvc\DispatchListener->onDispatch(Object(Zend\Mvc\MvcEvent))
#21 /home/ubuntu/workspace/vendor/zendframework/zend-eventmanager/src/EventManager.php(444): call_user_func(Array, Object(Zend\Mvc\MvcEvent))
#22 /home/ubuntu/workspace/vendor/zendframework/zend-eventmanager/src/EventManager.php(205): Zend\EventManager\EventManager->triggerListeners('dispatch', Object(Zend\Mvc\MvcEvent), Object(Closure))
#23 /home/ubuntu/workspace/vendor/zendframework/zend-mvc/src/Application.php(314): Zend\EventManager\EventManager->trigger('dispatch', Object(Zend\Mvc\MvcEvent), Object(Closure))
#24 /home/ubuntu/workspace/public/index.php(17): Zend\Mvc\Application->run()
#25 {main}

Next exception 'Doctrine\ORM\Query\QueryException' with message '[Semantical Error] line 0, col 14 near 'cart d WHERE': Error: Class 'cart' is not defined.' in /home/ubuntu/workspace/vendor/doctrine/orm/lib/Doctrine/ORM/Query/QueryException.php:63
Stack trace:
#0 /home/ubuntu/workspace/vendor/doctrine/orm/lib/Doctrine/ORM/Query/Parser.php(483): Doctrine\ORM\Query\QueryException::semanticalError('line 0, col 14 ...', Object(Doctrine\ORM\Query\QueryException))
#1 /home/ubuntu/workspace/vendor/doctrine/orm/lib/Doctrine/ORM/Query/Parser.php(971): Doctrine\ORM\Query\Parser->semanticalError('Class 'cart' is...', Array)
#2 /home/ubuntu/workspace/vendor/doctrine/orm/lib/Doctrine/ORM/Query/Parser.php(1656): Doctrine\ORM\Query\Parser->AbstractSchemaName()
#3 /home/ubuntu/workspace/vendor/doctrine/orm/lib/Doctrine/ORM/Query/Parser.php(1546): Doctrine\ORM\Query\Parser->RangeVariableDeclaration()
#4 /home/ubuntu/workspace/vendor/doctrine/orm/lib/Doctrine/ORM/Query/Parser.php(1286): Doctrine\ORM\Query\Parser->IdentificationVariableDeclaration()
#5 /home/ubuntu/workspace/vendor/doctrine/orm/lib/Doctrine/ORM/Query/Parser.php(874): Doctrine\ORM\Query\Parser->FromClause()
#6 /home/ubuntu/workspace/vendor/doctrine/orm/lib/Doctrine/ORM/Query/Parser.php(843): Doctrine\ORM\Query\Parser->SelectStatement()
#7 /home/ubuntu/workspace/vendor/doctrine/orm/lib/Doctrine/ORM/Query/Parser.php(268): Doctrine\ORM\Query\Parser->QueryLanguage()
#8 /home/ubuntu/workspace/vendor/doctrine/orm/lib/Doctrine/ORM/Query/Parser.php(351): Doctrine\ORM\Query\Parser->getAST()
#9 /home/ubuntu/workspace/vendor/doctrine/orm/lib/Doctrine/ORM/Query.php(255): Doctrine\ORM\Query\Parser->parse()
#10 /home/ubuntu/workspace/vendor/doctrine/orm/lib/Doctrine/ORM/Query.php(267): Doctrine\ORM\Query->_parse()
#11 /home/ubuntu/workspace/vendor/doctrine/orm/lib/Doctrine/ORM/AbstractQuery.php(794): Doctrine\ORM\Query->_doExecute()
#12 /home/ubuntu/workspace/vendor/doctrine/orm/lib/Doctrine/ORM/AbstractQuery.php(574): Doctrine\ORM\AbstractQuery->execute(NULL, 1)
#13 /home/ubuntu/workspace/module/Application/src/Application/Service/CartService.php(31): Doctrine\ORM\AbstractQuery->getResult()
#14 /home/ubuntu/workspace/module/Application/Module.php(36): Application\Service\CartService->verify()
#15 [internal function]: Application\Module->Application\{closure}(Object(Zend\Mvc\MvcEvent))
#16 /home/ubuntu/workspace/vendor/zendframework/zend-eventmanager/src/EventManager.php(444): call_user_func(Object(Closure), Object(Zend\Mvc\MvcEvent))
#17 /home/ubuntu/workspace/vendor/zendframework/zend-eventmanager/src/EventManager.php(205): Zend\EventManager\EventManager->triggerListeners('dispatch', Object(Zend\Mvc\MvcEvent), Object(Closure))
#18 /home/ubuntu/workspace/vendor/zendframework/zend-mvc/src/Controller/AbstractController.php(118): Zend\EventManager\EventManager->trigger('dispatch', Object(Zend\Mvc\MvcEvent), Object(Closure))
#19 /home/ubuntu/workspace/vendor/zendframework/zend-mvc/src/DispatchListener.php(93): Zend\Mvc\Controller\AbstractController->dispatch(Object(Zend\Http\PhpEnvironment\Request), Object(Zend\Http\PhpEnvironment\Response))
#20 [internal function]: Zend\Mvc\DispatchListener->onDispatch(Object(Zend\Mvc\MvcEvent))
#21 /home/ubuntu/workspace/vendor/zendframework/zend-eventmanager/src/EventManager.php(444): call_user_func(Array, Object(Zend\Mvc\MvcEvent))
#22 /home/ubuntu/workspace/vendor/zendframework/zend-eventmanager/src/EventManager.php(205): Zend\EventManager\EventManager->triggerListeners('dispatch', Object(Zend\Mvc\MvcEvent), Object(Closure))
#23 /home/ubuntu/workspace/vendor/zendframework/zend-mvc/src/Application.php(314): Zend\EventManager\EventManager->trigger('dispatch', Object(Zend\Mvc\MvcEvent), Object(Closure))
#24 /home/ubuntu/workspace/public/index.php(17): Zend\Mvc\Application->run()
#25 {main} {"url":"https://utopia-dev-socratemus.c9.io/public/ro/c/mobile","ipaddress":"10.240.239.133"}
2015-08-09T14:15:10+03:00 CRIT (2): exception 'Doctrine\ORM\Query\QueryException' with message 'SELECT c FROM cart c WHERE c.expire < :today' in /home/ubuntu/workspace/vendor/doctrine/orm/lib/Doctrine/ORM/Query/QueryException.php:41
Stack trace:
#0 /home/ubuntu/workspace/vendor/doctrine/orm/lib/Doctrine/ORM/Query/Parser.php(483): Doctrine\ORM\Query\QueryException::dqlError('SELECT c FROM c...')
#1 /home/ubuntu/workspace/vendor/doctrine/orm/lib/Doctrine/ORM/Query/Parser.php(971): Doctrine\ORM\Query\Parser->semanticalError('Class 'cart' is...', Array)
#2 /home/ubuntu/workspace/vendor/doctrine/orm/lib/Doctrine/ORM/Query/Parser.php(1656): Doctrine\ORM\Query\Parser->AbstractSchemaName()
#3 /home/ubuntu/workspace/vendor/doctrine/orm/lib/Doctrine/ORM/Query/Parser.php(1546): Doctrine\ORM\Query\Parser->RangeVariableDeclaration()
#4 /home/ubuntu/workspace/vendor/doctrine/orm/lib/Doctrine/ORM/Query/Parser.php(1286): Doctrine\ORM\Query\Parser->IdentificationVariableDeclaration()
#5 /home/ubuntu/workspace/vendor/doctrine/orm/lib/Doctrine/ORM/Query/Parser.php(874): Doctrine\ORM\Query\Parser->FromClause()
#6 /home/ubuntu/workspace/vendor/doctrine/orm/lib/Doctrine/ORM/Query/Parser.php(843): Doctrine\ORM\Query\Parser->SelectStatement()
#7 /home/ubuntu/workspace/vendor/doctrine/orm/lib/Doctrine/ORM/Query/Parser.php(268): Doctrine\ORM\Query\Parser->QueryLanguage()
#8 /home/ubuntu/workspace/vendor/doctrine/orm/lib/Doctrine/ORM/Query/Parser.php(351): Doctrine\ORM\Query\Parser->getAST()
#9 /home/ubuntu/workspace/vendor/doctrine/orm/lib/Doctrine/ORM/Query.php(255): Doctrine\ORM\Query\Parser->parse()
#10 /home/ubuntu/workspace/vendor/doctrine/orm/lib/Doctrine/ORM/Query.php(267): Doctrine\ORM\Query->_parse()
#11 /home/ubuntu/workspace/vendor/doctrine/orm/lib/Doctrine/ORM/AbstractQuery.php(794): Doctrine\ORM\Query->_doExecute()
#12 /home/ubuntu/workspace/vendor/doctrine/orm/lib/Doctrine/ORM/AbstractQuery.php(574): Doctrine\ORM\AbstractQuery->execute(NULL, 1)
#13 /home/ubuntu/workspace/module/Application/src/Application/Service/CartService.php(31): Doctrine\ORM\AbstractQuery->getResult()
#14 /home/ubuntu/workspace/module/Application/Module.php(36): Application\Service\CartService->verify()
#15 [internal function]: Application\Module->Application\{closure}(Object(Zend\Mvc\MvcEvent))
#16 /home/ubuntu/workspace/vendor/zendframework/zend-eventmanager/src/EventManager.php(444): call_user_func(Object(Closure), Object(Zend\Mvc\MvcEvent))
#17 /home/ubuntu/workspace/vendor/zendframework/zend-eventmanager/src/EventManager.php(205): Zend\EventManager\EventManager->triggerListeners('dispatch', Object(Zend\Mvc\MvcEvent), Object(Closure))
#18 /home/ubuntu/workspace/vendor/zendframework/zend-mvc/src/Controller/AbstractController.php(118): Zend\EventManager\EventManager->trigger('dispatch', Object(Zend\Mvc\MvcEvent), Object(Closure))
#19 /home/ubuntu/workspace/vendor/zendframework/zend-mvc/src/DispatchListener.php(93): Zend\Mvc\Controller\AbstractController->dispatch(Object(Zend\Http\PhpEnvironment\Request), Object(Zend\Http\PhpEnvironment\Response))
#20 [internal function]: Zend\Mvc\DispatchListener->onDispatch(Object(Zend\Mvc\MvcEvent))
#21 /home/ubuntu/workspace/vendor/zendframework/zend-eventmanager/src/EventManager.php(444): call_user_func(Array, Object(Zend\Mvc\MvcEvent))
#22 /home/ubuntu/workspace/vendor/zendframework/zend-eventmanager/src/EventManager.php(205): Zend\EventManager\EventManager->triggerListeners('dispatch', Object(Zend\Mvc\MvcEvent), Object(Closure))
#23 /home/ubuntu/workspace/vendor/zendframework/zend-mvc/src/Application.php(314): Zend\EventManager\EventManager->trigger('dispatch', Object(Zend\Mvc\MvcEvent), Object(Closure))
#24 /home/ubuntu/workspace/public/index.php(17): Zend\Mvc\Application->run()
#25 {main}

Next exception 'Doctrine\ORM\Query\QueryException' with message '[Semantical Error] line 0, col 14 near 'cart c WHERE': Error: Class 'cart' is not defined.' in /home/ubuntu/workspace/vendor/doctrine/orm/lib/Doctrine/ORM/Query/QueryException.php:63
Stack trace:
#0 /home/ubuntu/workspace/vendor/doctrine/orm/lib/Doctrine/ORM/Query/Parser.php(483): Doctrine\ORM\Query\QueryException::semanticalError('line 0, col 14 ...', Object(Doctrine\ORM\Query\QueryException))
#1 /home/ubuntu/workspace/vendor/doctrine/orm/lib/Doctrine/ORM/Query/Parser.php(971): Doctrine\ORM\Query\Parser->semanticalError('Class 'cart' is...', Array)
#2 /home/ubuntu/workspace/vendor/doctrine/orm/lib/Doctrine/ORM/Query/Parser.php(1656): Doctrine\ORM\Query\Parser->AbstractSchemaName()
#3 /home/ubuntu/workspace/vendor/doctrine/orm/lib/Doctrine/ORM/Query/Parser.php(1546): Doctrine\ORM\Query\Parser->RangeVariableDeclaration()
#4 /home/ubuntu/workspace/vendor/doctrine/orm/lib/Doctrine/ORM/Query/Parser.php(1286): Doctrine\ORM\Query\Parser->IdentificationVariableDeclaration()
#5 /home/ubuntu/workspace/vendor/doctrine/orm/lib/Doctrine/ORM/Query/Parser.php(874): Doctrine\ORM\Query\Parser->FromClause()
#6 /home/ubuntu/workspace/vendor/doctrine/orm/lib/Doctrine/ORM/Query/Parser.php(843): Doctrine\ORM\Query\Parser->SelectStatement()
#7 /home/ubuntu/workspace/vendor/doctrine/orm/lib/Doctrine/ORM/Query/Parser.php(268): Doctrine\ORM\Query\Parser->QueryLanguage()
#8 /home/ubuntu/workspace/vendor/doctrine/orm/lib/Doctrine/ORM/Query/Parser.php(351): Doctrine\ORM\Query\Parser->getAST()
#9 /home/ubuntu/workspace/vendor/doctrine/orm/lib/Doctrine/ORM/Query.php(255): Doctrine\ORM\Query\Parser->parse()
#10 /home/ubuntu/workspace/vendor/doctrine/orm/lib/Doctrine/ORM/Query.php(267): Doctrine\ORM\Query->_parse()
#11 /home/ubuntu/workspace/vendor/doctrine/orm/lib/Doctrine/ORM/AbstractQuery.php(794): Doctrine\ORM\Query->_doExecute()
#12 /home/ubuntu/workspace/vendor/doctrine/orm/lib/Doctrine/ORM/AbstractQuery.php(574): Doctrine\ORM\AbstractQuery->execute(NULL, 1)
#13 /home/ubuntu/workspace/module/Application/src/Application/Service/CartService.php(31): Doctrine\ORM\AbstractQuery->getResult()
#14 /home/ubuntu/workspace/module/Application/Module.php(36): Application\Service\CartService->verify()
#15 [internal function]: Application\Module->Application\{closure}(Object(Zend\Mvc\MvcEvent))
#16 /home/ubuntu/workspace/vendor/zendframework/zend-eventmanager/src/EventManager.php(444): call_user_func(Object(Closure), Object(Zend\Mvc\MvcEvent))
#17 /home/ubuntu/workspace/vendor/zendframework/zend-eventmanager/src/EventManager.php(205): Zend\EventManager\EventManager->triggerListeners('dispatch', Object(Zend\Mvc\MvcEvent), Object(Closure))
#18 /home/ubuntu/workspace/vendor/zendframework/zend-mvc/src/Controller/AbstractController.php(118): Zend\EventManager\EventManager->trigger('dispatch', Object(Zend\Mvc\MvcEvent), Object(Closure))
#19 /home/ubuntu/workspace/vendor/zendframework/zend-mvc/src/DispatchListener.php(93): Zend\Mvc\Controller\AbstractController->dispatch(Object(Zend\Http\PhpEnvironment\Request), Object(Zend\Http\PhpEnvironment\Response))
#20 [internal function]: Zend\Mvc\DispatchListener->onDispatch(Object(Zend\Mvc\MvcEvent))
#21 /home/ubuntu/workspace/vendor/zendframework/zend-eventmanager/src/EventManager.php(444): call_user_func(Array, Object(Zend\Mvc\MvcEvent))
#22 /home/ubuntu/workspace/vendor/zendframework/zend-eventmanager/src/EventManager.php(205): Zend\EventManager\EventManager->triggerListeners('dispatch', Object(Zend\Mvc\MvcEvent), Object(Closure))
#23 /home/ubuntu/workspace/vendor/zendframework/zend-mvc/src/Application.php(314): Zend\EventManager\EventManager->trigger('dispatch', Object(Zend\Mvc\MvcEvent), Object(Closure))
#24 /home/ubuntu/workspace/public/index.php(17): Zend\Mvc\Application->run()
#25 {main} {"url":"https://utopia-dev-socratemus.c9.io/public/ro/c/mobile","ipaddress":"10.240.0.34"}
2015-08-09T14:15:11+03:00 CRIT (2): exception 'Doctrine\ORM\Query\QueryException' with message 'SELECT c FROM cart c WHERE c.expire < :today' in /home/ubuntu/workspace/vendor/doctrine/orm/lib/Doctrine/ORM/Query/QueryException.php:41
Stack trace:
#0 /home/ubuntu/workspace/vendor/doctrine/orm/lib/Doctrine/ORM/Query/Parser.php(483): Doctrine\ORM\Query\QueryException::dqlError('SELECT c FROM c...')
#1 /home/ubuntu/workspace/vendor/doctrine/orm/lib/Doctrine/ORM/Query/Parser.php(971): Doctrine\ORM\Query\Parser->semanticalError('Class 'cart' is...', Array)
#2 /home/ubuntu/workspace/vendor/doctrine/orm/lib/Doctrine/ORM/Query/Parser.php(1656): Doctrine\ORM\Query\Parser->AbstractSchemaName()
#3 /home/ubuntu/workspace/vendor/doctrine/orm/lib/Doctrine/ORM/Query/Parser.php(1546): Doctrine\ORM\Query\Parser->RangeVariableDeclaration()
#4 /home/ubuntu/workspace/vendor/doctrine/orm/lib/Doctrine/ORM/Query/Parser.php(1286): Doctrine\ORM\Query\Parser->IdentificationVariableDeclaration()
#5 /home/ubuntu/workspace/vendor/doctrine/orm/lib/Doctrine/ORM/Query/Parser.php(874): Doctrine\ORM\Query\Parser->FromClause()
#6 /home/ubuntu/workspace/vendor/doctrine/orm/lib/Doctrine/ORM/Query/Parser.php(843): Doctrine\ORM\Query\Parser->SelectStatement()
#7 /home/ubuntu/workspace/vendor/doctrine/orm/lib/Doctrine/ORM/Query/Parser.php(268): Doctrine\ORM\Query\Parser->QueryLanguage()
#8 /home/ubuntu/workspace/vendor/doctrine/orm/lib/Doctrine/ORM/Query/Parser.php(351): Doctrine\ORM\Query\Parser->getAST()
#9 /home/ubuntu/workspace/vendor/doctrine/orm/lib/Doctrine/ORM/Query.php(255): Doctrine\ORM\Query\Parser->parse()
#10 /home/ubuntu/workspace/vendor/doctrine/orm/lib/Doctrine/ORM/Query.php(267): Doctrine\ORM\Query->_parse()
#11 /home/ubuntu/workspace/vendor/doctrine/orm/lib/Doctrine/ORM/AbstractQuery.php(794): Doctrine\ORM\Query->_doExecute()
#12 /home/ubuntu/workspace/vendor/doctrine/orm/lib/Doctrine/ORM/AbstractQuery.php(574): Doctrine\ORM\AbstractQuery->execute(NULL, 1)
#13 /home/ubuntu/workspace/module/Application/src/Application/Service/CartService.php(31): Doctrine\ORM\AbstractQuery->getResult()
#14 /home/ubuntu/workspace/module/Application/Module.php(36): Application\Service\CartService->verify()
#15 [internal function]: Application\Module->Application\{closure}(Object(Zend\Mvc\MvcEvent))
#16 /home/ubuntu/workspace/vendor/zendframework/zend-eventmanager/src/EventManager.php(444): call_user_func(Object(Closure), Object(Zend\Mvc\MvcEvent))
#17 /home/ubuntu/workspace/vendor/zendframework/zend-eventmanager/src/EventManager.php(205): Zend\EventManager\EventManager->triggerListeners('dispatch', Object(Zend\Mvc\MvcEvent), Object(Closure))
#18 /home/ubuntu/workspace/vendor/zendframework/zend-mvc/src/Controller/AbstractController.php(118): Zend\EventManager\EventManager->trigger('dispatch', Object(Zend\Mvc\MvcEvent), Object(Closure))
#19 /home/ubuntu/workspace/vendor/zendframework/zend-mvc/src/DispatchListener.php(93): Zend\Mvc\Controller\AbstractController->dispatch(Object(Zend\Http\PhpEnvironment\Request), Object(Zend\Http\PhpEnvironment\Response))
#20 [internal function]: Zend\Mvc\DispatchListener->onDispatch(Object(Zend\Mvc\MvcEvent))
#21 /home/ubuntu/workspace/vendor/zendframework/zend-eventmanager/src/EventManager.php(444): call_user_func(Array, Object(Zend\Mvc\MvcEvent))
#22 /home/ubuntu/workspace/vendor/zendframework/zend-eventmanager/src/EventManager.php(205): Zend\EventManager\EventManager->triggerListeners('dispatch', Object(Zend\Mvc\MvcEvent), Object(Closure))
#23 /home/ubuntu/workspace/vendor/zendframework/zend-mvc/src/Application.php(314): Zend\EventManager\EventManager->trigger('dispatch', Object(Zend\Mvc\MvcEvent), Object(Closure))
#24 /home/ubuntu/workspace/public/index.php(17): Zend\Mvc\Application->run()
#25 {main}

Next exception 'Doctrine\ORM\Query\QueryException' with message '[Semantical Error] line 0, col 14 near 'cart c WHERE': Error: Class 'cart' is not defined.' in /home/ubuntu/workspace/vendor/doctrine/orm/lib/Doctrine/ORM/Query/QueryException.php:63
Stack trace:
#0 /home/ubuntu/workspace/vendor/doctrine/orm/lib/Doctrine/ORM/Query/Parser.php(483): Doctrine\ORM\Query\QueryException::semanticalError('line 0, col 14 ...', Object(Doctrine\ORM\Query\QueryException))
#1 /home/ubuntu/workspace/vendor/doctrine/orm/lib/Doctrine/ORM/Query/Parser.php(971): Doctrine\ORM\Query\Parser->semanticalError('Class 'cart' is...', Array)
#2 /home/ubuntu/workspace/vendor/doctrine/orm/lib/Doctrine/ORM/Query/Parser.php(1656): Doctrine\ORM\Query\Parser->AbstractSchemaName()
#3 /home/ubuntu/workspace/vendor/doctrine/orm/lib/Doctrine/ORM/Query/Parser.php(1546): Doctrine\ORM\Query\Parser->RangeVariableDeclaration()
#4 /home/ubuntu/workspace/vendor/doctrine/orm/lib/Doctrine/ORM/Query/Parser.php(1286): Doctrine\ORM\Query\Parser->IdentificationVariableDeclaration()
#5 /home/ubuntu/workspace/vendor/doctrine/orm/lib/Doctrine/ORM/Query/Parser.php(874): Doctrine\ORM\Query\Parser->FromClause()
#6 /home/ubuntu/workspace/vendor/doctrine/orm/lib/Doctrine/ORM/Query/Parser.php(843): Doctrine\ORM\Query\Parser->SelectStatement()
#7 /home/ubuntu/workspace/vendor/doctrine/orm/lib/Doctrine/ORM/Query/Parser.php(268): Doctrine\ORM\Query\Parser->QueryLanguage()
#8 /home/ubuntu/workspace/vendor/doctrine/orm/lib/Doctrine/ORM/Query/Parser.php(351): Doctrine\ORM\Query\Parser->getAST()
#9 /home/ubuntu/workspace/vendor/doctrine/orm/lib/Doctrine/ORM/Query.php(255): Doctrine\ORM\Query\Parser->parse()
#10 /home/ubuntu/workspace/vendor/doctrine/orm/lib/Doctrine/ORM/Query.php(267): Doctrine\ORM\Query->_parse()
#11 /home/ubuntu/workspace/vendor/doctrine/orm/lib/Doctrine/ORM/AbstractQuery.php(794): Doctrine\ORM\Query->_doExecute()
#12 /home/ubuntu/workspace/vendor/doctrine/orm/lib/Doctrine/ORM/AbstractQuery.php(574): Doctrine\ORM\AbstractQuery->execute(NULL, 1)
#13 /home/ubuntu/workspace/module/Application/src/Application/Service/CartService.php(31): Doctrine\ORM\AbstractQuery->getResult()
#14 /home/ubuntu/workspace/module/Application/Module.php(36): Application\Service\CartService->verify()
#15 [internal function]: Application\Module->Application\{closure}(Object(Zend\Mvc\MvcEvent))
#16 /home/ubuntu/workspace/vendor/zendframework/zend-eventmanager/src/EventManager.php(444): call_user_func(Object(Closure), Object(Zend\Mvc\MvcEvent))
#17 /home/ubuntu/workspace/vendor/zendframework/zend-eventmanager/src/EventManager.php(205): Zend\EventManager\EventManager->triggerListeners('dispatch', Object(Zend\Mvc\MvcEvent), Object(Closure))
#18 /home/ubuntu/workspace/vendor/zendframework/zend-mvc/src/Controller/AbstractController.php(118): Zend\EventManager\EventManager->trigger('dispatch', Object(Zend\Mvc\MvcEvent), Object(Closure))
#19 /home/ubuntu/workspace/vendor/zendframework/zend-mvc/src/DispatchListener.php(93): Zend\Mvc\Controller\AbstractController->dispatch(Object(Zend\Http\PhpEnvironment\Request), Object(Zend\Http\PhpEnvironment\Response))
#20 [internal function]: Zend\Mvc\DispatchListener->onDispatch(Object(Zend\Mvc\MvcEvent))
#21 /home/ubuntu/workspace/vendor/zendframework/zend-eventmanager/src/EventManager.php(444): call_user_func(Array, Object(Zend\Mvc\MvcEvent))
#22 /home/ubuntu/workspace/vendor/zendframework/zend-eventmanager/src/EventManager.php(205): Zend\EventManager\EventManager->triggerListeners('dispatch', Object(Zend\Mvc\MvcEvent), Object(Closure))
#23 /home/ubuntu/workspace/vendor/zendframework/zend-mvc/src/Application.php(314): Zend\EventManager\EventManager->trigger('dispatch', Object(Zend\Mvc\MvcEvent), Object(Closure))
#24 /home/ubuntu/workspace/public/index.php(17): Zend\Mvc\Application->run()
#25 {main} {"url":"https://utopia-dev-socratemus.c9.io/public/ro/c/mobile","ipaddress":"10.240.239.133"}
2015-08-09T14:15:22+03:00 CRIT (2): exception 'Doctrine\ORM\Query\QueryException' with message 'SELECT c FROM \Application\Entity\Cart c WHERE c.expire < :today' in /home/ubuntu/workspace/vendor/doctrine/orm/lib/Doctrine/ORM/Query/QueryException.php:41
Stack trace:
#0 /home/ubuntu/workspace/vendor/doctrine/orm/lib/Doctrine/ORM/Query/Parser.php(483): Doctrine\ORM\Query\QueryException::dqlError('SELECT c FROM \...')
#1 /home/ubuntu/workspace/vendor/doctrine/orm/lib/Doctrine/ORM/Query/Parser.php(759): Doctrine\ORM\Query\Parser->semanticalError('Class Applicati...', Array)
#2 /home/ubuntu/workspace/vendor/doctrine/orm/lib/Doctrine/ORM/Query/Parser.php(279): Doctrine\ORM\Query\Parser->processDeferredPathExpressions(Object(Doctrine\ORM\Query\AST\SelectStatement))
#3 /home/ubuntu/workspace/vendor/doctrine/orm/lib/Doctrine/ORM/Query/Parser.php(351): Doctrine\ORM\Query\Parser->getAST()
#4 /home/ubuntu/workspace/vendor/doctrine/orm/lib/Doctrine/ORM/Query.php(255): Doctrine\ORM\Query\Parser->parse()
#5 /home/ubuntu/workspace/vendor/doctrine/orm/lib/Doctrine/ORM/Query.php(267): Doctrine\ORM\Query->_parse()
#6 /home/ubuntu/workspace/vendor/doctrine/orm/lib/Doctrine/ORM/AbstractQuery.php(794): Doctrine\ORM\Query->_doExecute()
#7 /home/ubuntu/workspace/vendor/doctrine/orm/lib/Doctrine/ORM/AbstractQuery.php(574): Doctrine\ORM\AbstractQuery->execute(NULL, 1)
#8 /home/ubuntu/workspace/module/Application/src/Application/Service/CartService.php(31): Doctrine\ORM\AbstractQuery->getResult()
#9 /home/ubuntu/workspace/module/Application/Module.php(36): Application\Service\CartService->verify()
#10 [internal function]: Application\Module->Application\{closure}(Object(Zend\Mvc\MvcEvent))
#11 /home/ubuntu/workspace/vendor/zendframework/zend-eventmanager/src/EventManager.php(444): call_user_func(Object(Closure), Object(Zend\Mvc\MvcEvent))
#12 /home/ubuntu/workspace/vendor/zendframework/zend-eventmanager/src/EventManager.php(205): Zend\EventManager\EventManager->triggerListeners('dispatch', Object(Zend\Mvc\MvcEvent), Object(Closure))
#13 /home/ubuntu/workspace/vendor/zendframework/zend-mvc/src/Controller/AbstractController.php(118): Zend\EventManager\EventManager->trigger('dispatch', Object(Zend\Mvc\MvcEvent), Object(Closure))
#14 /home/ubuntu/workspace/vendor/zendframework/zend-mvc/src/DispatchListener.php(93): Zend\Mvc\Controller\AbstractController->dispatch(Object(Zend\Http\PhpEnvironment\Request), Object(Zend\Http\PhpEnvironment\Response))
#15 [internal function]: Zend\Mvc\DispatchListener->onDispatch(Object(Zend\Mvc\MvcEvent))
#16 /home/ubuntu/workspace/vendor/zendframework/zend-eventmanager/src/EventManager.php(444): call_user_func(Array, Object(Zend\Mvc\MvcEvent))
#17 /home/ubuntu/workspace/vendor/zendframework/zend-eventmanager/src/EventManager.php(205): Zend\EventManager\EventManager->triggerListeners('dispatch', Object(Zend\Mvc\MvcEvent), Object(Closure))
#18 /home/ubuntu/workspace/vendor/zendframework/zend-mvc/src/Application.php(314): Zend\EventManager\EventManager->trigger('dispatch', Object(Zend\Mvc\MvcEvent), Object(Closure))
#19 /home/ubuntu/workspace/public/index.php(17): Zend\Mvc\Application->run()
#20 {main}

Next exception 'Doctrine\ORM\Query\QueryException' with message '[Semantical Error] line 0, col 49 near 'expire < :to': Error: Class Application\Entity\Cart has no field or association named expire' in /home/ubuntu/workspace/vendor/doctrine/orm/lib/Doctrine/ORM/Query/QueryException.php:63
Stack trace:
#0 /home/ubuntu/workspace/vendor/doctrine/orm/lib/Doctrine/ORM/Query/Parser.php(483): Doctrine\ORM\Query\QueryException::semanticalError('line 0, col 49 ...', Object(Doctrine\ORM\Query\QueryException))
#1 /home/ubuntu/workspace/vendor/doctrine/orm/lib/Doctrine/ORM/Query/Parser.php(759): Doctrine\ORM\Query\Parser->semanticalError('Class Applicati...', Array)
#2 /home/ubuntu/workspace/vendor/doctrine/orm/lib/Doctrine/ORM/Query/Parser.php(279): Doctrine\ORM\Query\Parser->processDeferredPathExpressions(Object(Doctrine\ORM\Query\AST\SelectStatement))
#3 /home/ubuntu/workspace/vendor/doctrine/orm/lib/Doctrine/ORM/Query/Parser.php(351): Doctrine\ORM\Query\Parser->getAST()
#4 /home/ubuntu/workspace/vendor/doctrine/orm/lib/Doctrine/ORM/Query.php(255): Doctrine\ORM\Query\Parser->parse()
#5 /home/ubuntu/workspace/vendor/doctrine/orm/lib/Doctrine/ORM/Query.php(267): Doctrine\ORM\Query->_parse()
#6 /home/ubuntu/workspace/vendor/doctrine/orm/lib/Doctrine/ORM/AbstractQuery.php(794): Doctrine\ORM\Query->_doExecute()
#7 /home/ubuntu/workspace/vendor/doctrine/orm/lib/Doctrine/ORM/AbstractQuery.php(574): Doctrine\ORM\AbstractQuery->execute(NULL, 1)
#8 /home/ubuntu/workspace/module/Application/src/Application/Service/CartService.php(31): Doctrine\ORM\AbstractQuery->getResult()
#9 /home/ubuntu/workspace/module/Application/Module.php(36): Application\Service\CartService->verify()
#10 [internal function]: Application\Module->Application\{closure}(Object(Zend\Mvc\MvcEvent))
#11 /home/ubuntu/workspace/vendor/zendframework/zend-eventmanager/src/EventManager.php(444): call_user_func(Object(Closure), Object(Zend\Mvc\MvcEvent))
#12 /home/ubuntu/workspace/vendor/zendframework/zend-eventmanager/src/EventManager.php(205): Zend\EventManager\EventManager->triggerListeners('dispatch', Object(Zend\Mvc\MvcEvent), Object(Closure))
#13 /home/ubuntu/workspace/vendor/zendframework/zend-mvc/src/Controller/AbstractController.php(118): Zend\EventManager\EventManager->trigger('dispatch', Object(Zend\Mvc\MvcEvent), Object(Closure))
#14 /home/ubuntu/workspace/vendor/zendframework/zend-mvc/src/DispatchListener.php(93): Zend\Mvc\Controller\AbstractController->dispatch(Object(Zend\Http\PhpEnvironment\Request), Object(Zend\Http\PhpEnvironment\Response))
#15 [internal function]: Zend\Mvc\DispatchListener->onDispatch(Object(Zend\Mvc\MvcEvent))
#16 /home/ubuntu/workspace/vendor/zendframework/zend-eventmanager/src/EventManager.php(444): call_user_func(Array, Object(Zend\Mvc\MvcEvent))
#17 /home/ubuntu/workspace/vendor/zendframework/zend-eventmanager/src/EventManager.php(205): Zend\EventManager\EventManager->triggerListeners('dispatch', Object(Zend\Mvc\MvcEvent), Object(Closure))
#18 /home/ubuntu/workspace/vendor/zendframework/zend-mvc/src/Application.php(314): Zend\EventManager\EventManager->trigger('dispatch', Object(Zend\Mvc\MvcEvent), Object(Closure))
#19 /home/ubuntu/workspace/public/index.php(17): Zend\Mvc\Application->run()
#20 {main} {"url":"https://utopia-dev-socratemus.c9.io/public/ro/c/mobile","ipaddress":"10.240.0.34"}
2015-08-09T14:15:31+03:00 CRIT (2): exception 'Doctrine\ORM\ORMException' with message 'Unknown Entity namespace alias 'Entity'.' in /home/ubuntu/workspace/vendor/doctrine/orm/lib/Doctrine/ORM/ORMException.php:236
Stack trace:
#0 /home/ubuntu/workspace/vendor/doctrine/orm/lib/Doctrine/ORM/Configuration.php(194): Doctrine\ORM\ORMException::unknownEntityNamespace('Entity')
#1 /home/ubuntu/workspace/vendor/doctrine/orm/lib/Doctrine/ORM/Query/Parser.php(965): Doctrine\ORM\Configuration->getEntityNamespace('Entity')
#2 /home/ubuntu/workspace/vendor/doctrine/orm/lib/Doctrine/ORM/Query/Parser.php(1656): Doctrine\ORM\Query\Parser->AbstractSchemaName()
#3 /home/ubuntu/workspace/vendor/doctrine/orm/lib/Doctrine/ORM/Query/Parser.php(1546): Doctrine\ORM\Query\Parser->RangeVariableDeclaration()
#4 /home/ubuntu/workspace/vendor/doctrine/orm/lib/Doctrine/ORM/Query/Parser.php(1286): Doctrine\ORM\Query\Parser->IdentificationVariableDeclaration()
#5 /home/ubuntu/workspace/vendor/doctrine/orm/lib/Doctrine/ORM/Query/Parser.php(874): Doctrine\ORM\Query\Parser->FromClause()
#6 /home/ubuntu/workspace/vendor/doctrine/orm/lib/Doctrine/ORM/Query/Parser.php(843): Doctrine\ORM\Query\Parser->SelectStatement()
#7 /home/ubuntu/workspace/vendor/doctrine/orm/lib/Doctrine/ORM/Query/Parser.php(268): Doctrine\ORM\Query\Parser->QueryLanguage()
#8 /home/ubuntu/workspace/vendor/doctrine/orm/lib/Doctrine/ORM/Query/Parser.php(351): Doctrine\ORM\Query\Parser->getAST()
#9 /home/ubuntu/workspace/vendor/doctrine/orm/lib/Doctrine/ORM/Query.php(255): Doctrine\ORM\Query\Parser->parse()
#10 /home/ubuntu/workspace/vendor/doctrine/orm/lib/Doctrine/ORM/Query.php(267): Doctrine\ORM\Query->_parse()
#11 /home/ubuntu/workspace/vendor/doctrine/orm/lib/Doctrine/ORM/AbstractQuery.php(794): Doctrine\ORM\Query->_doExecute()
#12 /home/ubuntu/workspace/vendor/doctrine/orm/lib/Doctrine/ORM/AbstractQuery.php(574): Doctrine\ORM\AbstractQuery->execute(NULL, 1)
#13 /home/ubuntu/workspace/module/Application/src/Application/Service/CartService.php(31): Doctrine\ORM\AbstractQuery->getResult()
#14 /home/ubuntu/workspace/module/Application/Module.php(36): Application\Service\CartService->verify()
#15 [internal function]: Application\Module->Application\{closure}(Object(Zend\Mvc\MvcEvent))
#16 /home/ubuntu/workspace/vendor/zendframework/zend-eventmanager/src/EventManager.php(444): call_user_func(Object(Closure), Object(Zend\Mvc\MvcEvent))
#17 /home/ubuntu/workspace/vendor/zendframework/zend-eventmanager/src/EventManager.php(205): Zend\EventManager\EventManager->triggerListeners('dispatch', Object(Zend\Mvc\MvcEvent), Object(Closure))
#18 /home/ubuntu/workspace/vendor/zendframework/zend-mvc/src/Controller/AbstractController.php(118): Zend\EventManager\EventManager->trigger('dispatch', Object(Zend\Mvc\MvcEvent), Object(Closure))
#19 /home/ubuntu/workspace/vendor/zendframework/zend-mvc/src/DispatchListener.php(93): Zend\Mvc\Controller\AbstractController->dispatch(Object(Zend\Http\PhpEnvironment\Request), Object(Zend\Http\PhpEnvironment\Response))
#20 [internal function]: Zend\Mvc\DispatchListener->onDispatch(Object(Zend\Mvc\MvcEvent))
#21 /home/ubuntu/workspace/vendor/zendframework/zend-eventmanager/src/EventManager.php(444): call_user_func(Array, Object(Zend\Mvc\MvcEvent))
#22 /home/ubuntu/workspace/vendor/zendframework/zend-eventmanager/src/EventManager.php(205): Zend\EventManager\EventManager->triggerListeners('dispatch', Object(Zend\Mvc\MvcEvent), Object(Closure))
#23 /home/ubuntu/workspace/vendor/zendframework/zend-mvc/src/Application.php(314): Zend\EventManager\EventManager->trigger('dispatch', Object(Zend\Mvc\MvcEvent), Object(Closure))
#24 /home/ubuntu/workspace/public/index.php(17): Zend\Mvc\Application->run()
#25 {main} {"url":"https://utopia-dev-socratemus.c9.io/public/ro/c/mobile","ipaddress":"10.240.239.133"}
2015-08-09T14:15:39+03:00 CRIT (2): exception 'Doctrine\ORM\ORMException' with message 'Unknown Entity namespace alias 'Application\Entity'.' in /home/ubuntu/workspace/vendor/doctrine/orm/lib/Doctrine/ORM/ORMException.php:236
Stack trace:
#0 /home/ubuntu/workspace/vendor/doctrine/orm/lib/Doctrine/ORM/Configuration.php(194): Doctrine\ORM\ORMException::unknownEntityNamespace('Application\Ent...')
#1 /home/ubuntu/workspace/vendor/doctrine/orm/lib/Doctrine/ORM/Query/Parser.php(965): Doctrine\ORM\Configuration->getEntityNamespace('Application\Ent...')
#2 /home/ubuntu/workspace/vendor/doctrine/orm/lib/Doctrine/ORM/Query/Parser.php(1656): Doctrine\ORM\Query\Parser->AbstractSchemaName()
#3 /home/ubuntu/workspace/vendor/doctrine/orm/lib/Doctrine/ORM/Query/Parser.php(1546): Doctrine\ORM\Query\Parser->RangeVariableDeclaration()
#4 /home/ubuntu/workspace/vendor/doctrine/orm/lib/Doctrine/ORM/Query/Parser.php(1286): Doctrine\ORM\Query\Parser->IdentificationVariableDeclaration()
#5 /home/ubuntu/workspace/vendor/doctrine/orm/lib/Doctrine/ORM/Query/Parser.php(874): Doctrine\ORM\Query\Parser->FromClause()
#6 /home/ubuntu/workspace/vendor/doctrine/orm/lib/Doctrine/ORM/Query/Parser.php(843): Doctrine\ORM\Query\Parser->SelectStatement()
#7 /home/ubuntu/workspace/vendor/doctrine/orm/lib/Doctrine/ORM/Query/Parser.php(268): Doctrine\ORM\Query\Parser->QueryLanguage()
#8 /home/ubuntu/workspace/vendor/doctrine/orm/lib/Doctrine/ORM/Query/Parser.php(351): Doctrine\ORM\Query\Parser->getAST()
#9 /home/ubuntu/workspace/vendor/doctrine/orm/lib/Doctrine/ORM/Query.php(255): Doctrine\ORM\Query\Parser->parse()
#10 /home/ubuntu/workspace/vendor/doctrine/orm/lib/Doctrine/ORM/Query.php(267): Doctrine\ORM\Query->_parse()
#11 /home/ubuntu/workspace/vendor/doctrine/orm/lib/Doctrine/ORM/AbstractQuery.php(794): Doctrine\ORM\Query->_doExecute()
#12 /home/ubuntu/workspace/vendor/doctrine/orm/lib/Doctrine/ORM/AbstractQuery.php(574): Doctrine\ORM\AbstractQuery->execute(NULL, 1)
#13 /home/ubuntu/workspace/module/Application/src/Application/Service/CartService.php(31): Doctrine\ORM\AbstractQuery->getResult()
#14 /home/ubuntu/workspace/module/Application/Module.php(36): Application\Service\CartService->verify()
#15 [internal function]: Application\Module->Application\{closure}(Object(Zend\Mvc\MvcEvent))
#16 /home/ubuntu/workspace/vendor/zendframework/zend-eventmanager/src/EventManager.php(444): call_user_func(Object(Closure), Object(Zend\Mvc\MvcEvent))
#17 /home/ubuntu/workspace/vendor/zendframework/zend-eventmanager/src/EventManager.php(205): Zend\EventManager\EventManager->triggerListeners('dispatch', Object(Zend\Mvc\MvcEvent), Object(Closure))
#18 /home/ubuntu/workspace/vendor/zendframework/zend-mvc/src/Controller/AbstractController.php(118): Zend\EventManager\EventManager->trigger('dispatch', Object(Zend\Mvc\MvcEvent), Object(Closure))
#19 /home/ubuntu/workspace/vendor/zendframework/zend-mvc/src/DispatchListener.php(93): Zend\Mvc\Controller\AbstractController->dispatch(Object(Zend\Http\PhpEnvironment\Request), Object(Zend\Http\PhpEnvironment\Response))
#20 [internal function]: Zend\Mvc\DispatchListener->onDispatch(Object(Zend\Mvc\MvcEvent))
#21 /home/ubuntu/workspace/vendor/zendframework/zend-eventmanager/src/EventManager.php(444): call_user_func(Array, Object(Zend\Mvc\MvcEvent))
#22 /home/ubuntu/workspace/vendor/zendframework/zend-eventmanager/src/EventManager.php(205): Zend\EventManager\EventManager->triggerListeners('dispatch', Object(Zend\Mvc\MvcEvent), Object(Closure))
#23 /home/ubuntu/workspace/vendor/zendframework/zend-mvc/src/Application.php(314): Zend\EventManager\EventManager->trigger('dispatch', Object(Zend\Mvc\MvcEvent), Object(Closure))
#24 /home/ubuntu/workspace/public/index.php(17): Zend\Mvc\Application->run()
#25 {main} {"url":"https://utopia-dev-socratemus.c9.io/public/ro/c/mobile","ipaddress":"10.240.166.139"}
2015-08-09T14:15:45+03:00 CRIT (2): exception 'Doctrine\ORM\ORMException' with message 'Unknown Entity namespace alias 'Application\Entity'.' in /home/ubuntu/workspace/vendor/doctrine/orm/lib/Doctrine/ORM/ORMException.php:236
Stack trace:
#0 /home/ubuntu/workspace/vendor/doctrine/orm/lib/Doctrine/ORM/Configuration.php(194): Doctrine\ORM\ORMException::unknownEntityNamespace('Application\Ent...')
#1 /home/ubuntu/workspace/vendor/doctrine/orm/lib/Doctrine/ORM/Query/Parser.php(965): Doctrine\ORM\Configuration->getEntityNamespace('Application\Ent...')
#2 /home/ubuntu/workspace/vendor/doctrine/orm/lib/Doctrine/ORM/Query/Parser.php(1656): Doctrine\ORM\Query\Parser->AbstractSchemaName()
#3 /home/ubuntu/workspace/vendor/doctrine/orm/lib/Doctrine/ORM/Query/Parser.php(1546): Doctrine\ORM\Query\Parser->RangeVariableDeclaration()
#4 /home/ubuntu/workspace/vendor/doctrine/orm/lib/Doctrine/ORM/Query/Parser.php(1286): Doctrine\ORM\Query\Parser->IdentificationVariableDeclaration()
#5 /home/ubuntu/workspace/vendor/doctrine/orm/lib/Doctrine/ORM/Query/Parser.php(874): Doctrine\ORM\Query\Parser->FromClause()
#6 /home/ubuntu/workspace/vendor/doctrine/orm/lib/Doctrine/ORM/Query/Parser.php(843): Doctrine\ORM\Query\Parser->SelectStatement()
#7 /home/ubuntu/workspace/vendor/doctrine/orm/lib/Doctrine/ORM/Query/Parser.php(268): Doctrine\ORM\Query\Parser->QueryLanguage()
#8 /home/ubuntu/workspace/vendor/doctrine/orm/lib/Doctrine/ORM/Query/Parser.php(351): Doctrine\ORM\Query\Parser->getAST()
#9 /home/ubuntu/workspace/vendor/doctrine/orm/lib/Doctrine/ORM/Query.php(255): Doctrine\ORM\Query\Parser->parse()
#10 /home/ubuntu/workspace/vendor/doctrine/orm/lib/Doctrine/ORM/Query.php(267): Doctrine\ORM\Query->_parse()
#11 /home/ubuntu/workspace/vendor/doctrine/orm/lib/Doctrine/ORM/AbstractQuery.php(794): Doctrine\ORM\Query->_doExecute()
#12 /home/ubuntu/workspace/vendor/doctrine/orm/lib/Doctrine/ORM/AbstractQuery.php(574): Doctrine\ORM\AbstractQuery->execute(NULL, 1)
#13 /home/ubuntu/workspace/module/Application/src/Application/Service/CartService.php(31): Doctrine\ORM\AbstractQuery->getResult()
#14 /home/ubuntu/workspace/module/Application/Module.php(36): Application\Service\CartService->verify()
#15 [internal function]: Application\Module->Application\{closure}(Object(Zend\Mvc\MvcEvent))
#16 /home/ubuntu/workspace/vendor/zendframework/zend-eventmanager/src/EventManager.php(444): call_user_func(Object(Closure), Object(Zend\Mvc\MvcEvent))
#17 /home/ubuntu/workspace/vendor/zendframework/zend-eventmanager/src/EventManager.php(205): Zend\EventManager\EventManager->triggerListeners('dispatch', Object(Zend\Mvc\MvcEvent), Object(Closure))
#18 /home/ubuntu/workspace/vendor/zendframework/zend-mvc/src/Controller/AbstractController.php(118): Zend\EventManager\EventManager->trigger('dispatch', Object(Zend\Mvc\MvcEvent), Object(Closure))
#19 /home/ubuntu/workspace/vendor/zendframework/zend-mvc/src/DispatchListener.php(93): Zend\Mvc\Controller\AbstractController->dispatch(Object(Zend\Http\PhpEnvironment\Request), Object(Zend\Http\PhpEnvironment\Response))
#20 [internal function]: Zend\Mvc\DispatchListener->onDispatch(Object(Zend\Mvc\MvcEvent))
#21 /home/ubuntu/workspace/vendor/zendframework/zend-eventmanager/src/EventManager.php(444): call_user_func(Array, Object(Zend\Mvc\MvcEvent))
#22 /home/ubuntu/workspace/vendor/zendframework/zend-eventmanager/src/EventManager.php(205): Zend\EventManager\EventManager->triggerListeners('dispatch', Object(Zend\Mvc\MvcEvent), Object(Closure))
#23 /home/ubuntu/workspace/vendor/zendframework/zend-mvc/src/Application.php(314): Zend\EventManager\EventManager->trigger('dispatch', Object(Zend\Mvc\MvcEvent), Object(Closure))
#24 /home/ubuntu/workspace/public/index.php(17): Zend\Mvc\Application->run()
#25 {main} {"url":"https://utopia-dev-socratemus.c9.io/public/ro/c/mobile","ipaddress":"10.240.166.139"}
2015-08-09T14:15:46+03:00 CRIT (2): exception 'Doctrine\ORM\ORMException' with message 'Unknown Entity namespace alias 'Application\Entity'.' in /home/ubuntu/workspace/vendor/doctrine/orm/lib/Doctrine/ORM/ORMException.php:236
Stack trace:
#0 /home/ubuntu/workspace/vendor/doctrine/orm/lib/Doctrine/ORM/Configuration.php(194): Doctrine\ORM\ORMException::unknownEntityNamespace('Application\Ent...')
#1 /home/ubuntu/workspace/vendor/doctrine/orm/lib/Doctrine/ORM/Query/Parser.php(965): Doctrine\ORM\Configuration->getEntityNamespace('Application\Ent...')
#2 /home/ubuntu/workspace/vendor/doctrine/orm/lib/Doctrine/ORM/Query/Parser.php(1656): Doctrine\ORM\Query\Parser->AbstractSchemaName()
#3 /home/ubuntu/workspace/vendor/doctrine/orm/lib/Doctrine/ORM/Query/Parser.php(1546): Doctrine\ORM\Query\Parser->RangeVariableDeclaration()
#4 /home/ubuntu/workspace/vendor/doctrine/orm/lib/Doctrine/ORM/Query/Parser.php(1286): Doctrine\ORM\Query\Parser->IdentificationVariableDeclaration()
#5 /home/ubuntu/workspace/vendor/doctrine/orm/lib/Doctrine/ORM/Query/Parser.php(874): Doctrine\ORM\Query\Parser->FromClause()
#6 /home/ubuntu/workspace/vendor/doctrine/orm/lib/Doctrine/ORM/Query/Parser.php(843): Doctrine\ORM\Query\Parser->SelectStatement()
#7 /home/ubuntu/workspace/vendor/doctrine/orm/lib/Doctrine/ORM/Query/Parser.php(268): Doctrine\ORM\Query\Parser->QueryLanguage()
#8 /home/ubuntu/workspace/vendor/doctrine/orm/lib/Doctrine/ORM/Query/Parser.php(351): Doctrine\ORM\Query\Parser->getAST()
#9 /home/ubuntu/workspace/vendor/doctrine/orm/lib/Doctrine/ORM/Query.php(255): Doctrine\ORM\Query\Parser->parse()
#10 /home/ubuntu/workspace/vendor/doctrine/orm/lib/Doctrine/ORM/Query.php(267): Doctrine\ORM\Query->_parse()
#11 /home/ubuntu/workspace/vendor/doctrine/orm/lib/Doctrine/ORM/AbstractQuery.php(794): Doctrine\ORM\Query->_doExecute()
#12 /home/ubuntu/workspace/vendor/doctrine/orm/lib/Doctrine/ORM/AbstractQuery.php(574): Doctrine\ORM\AbstractQuery->execute(NULL, 1)
#13 /home/ubuntu/workspace/module/Application/src/Application/Service/CartService.php(31): Doctrine\ORM\AbstractQuery->getResult()
#14 /home/ubuntu/workspace/module/Application/Module.php(36): Application\Service\CartService->verify()
#15 [internal function]: Application\Module->Application\{closure}(Object(Zend\Mvc\MvcEvent))
#16 /home/ubuntu/workspace/vendor/zendframework/zend-eventmanager/src/EventManager.php(444): call_user_func(Object(Closure), Object(Zend\Mvc\MvcEvent))
#17 /home/ubuntu/workspace/vendor/zendframework/zend-eventmanager/src/EventManager.php(205): Zend\EventManager\EventManager->triggerListeners('dispatch', Object(Zend\Mvc\MvcEvent), Object(Closure))
#18 /home/ubuntu/workspace/vendor/zendframework/zend-mvc/src/Controller/AbstractController.php(118): Zend\EventManager\EventManager->trigger('dispatch', Object(Zend\Mvc\MvcEvent), Object(Closure))
#19 /home/ubuntu/workspace/vendor/zendframework/zend-mvc/src/DispatchListener.php(93): Zend\Mvc\Controller\AbstractController->dispatch(Object(Zend\Http\PhpEnvironment\Request), Object(Zend\Http\PhpEnvironment\Response))
#20 [internal function]: Zend\Mvc\DispatchListener->onDispatch(Object(Zend\Mvc\MvcEvent))
#21 /home/ubuntu/workspace/vendor/zendframework/zend-eventmanager/src/EventManager.php(444): call_user_func(Array, Object(Zend\Mvc\MvcEvent))
#22 /home/ubuntu/workspace/vendor/zendframework/zend-eventmanager/src/EventManager.php(205): Zend\EventManager\EventManager->triggerListeners('dispatch', Object(Zend\Mvc\MvcEvent), Object(Closure))
#23 /home/ubuntu/workspace/vendor/zendframework/zend-mvc/src/Application.php(314): Zend\EventManager\EventManager->trigger('dispatch', Object(Zend\Mvc\MvcEvent), Object(Closure))
#24 /home/ubuntu/workspace/public/index.php(17): Zend\Mvc\Application->run()
#25 {main} {"url":"https://utopia-dev-socratemus.c9.io/public/ro/c/mobile","ipaddress":"10.240.166.139"}
2015-08-09T14:15:53+03:00 CRIT (2): exception 'Doctrine\ORM\Query\QueryException' with message 'SELECT c FROM \Application\Entity\Cart c WHERE c.expire < :today' in /home/ubuntu/workspace/vendor/doctrine/orm/lib/Doctrine/ORM/Query/QueryException.php:41
Stack trace:
#0 /home/ubuntu/workspace/vendor/doctrine/orm/lib/Doctrine/ORM/Query/Parser.php(483): Doctrine\ORM\Query\QueryException::dqlError('SELECT c FROM \...')
#1 /home/ubuntu/workspace/vendor/doctrine/orm/lib/Doctrine/ORM/Query/Parser.php(759): Doctrine\ORM\Query\Parser->semanticalError('Class Applicati...', Array)
#2 /home/ubuntu/workspace/vendor/doctrine/orm/lib/Doctrine/ORM/Query/Parser.php(279): Doctrine\ORM\Query\Parser->processDeferredPathExpressions(Object(Doctrine\ORM\Query\AST\SelectStatement))
#3 /home/ubuntu/workspace/vendor/doctrine/orm/lib/Doctrine/ORM/Query/Parser.php(351): Doctrine\ORM\Query\Parser->getAST()
#4 /home/ubuntu/workspace/vendor/doctrine/orm/lib/Doctrine/ORM/Query.php(255): Doctrine\ORM\Query\Parser->parse()
#5 /home/ubuntu/workspace/vendor/doctrine/orm/lib/Doctrine/ORM/Query.php(267): Doctrine\ORM\Query->_parse()
#6 /home/ubuntu/workspace/vendor/doctrine/orm/lib/Doctrine/ORM/AbstractQuery.php(794): Doctrine\ORM\Query->_doExecute()
#7 /home/ubuntu/workspace/vendor/doctrine/orm/lib/Doctrine/ORM/AbstractQuery.php(574): Doctrine\ORM\AbstractQuery->execute(NULL, 1)
#8 /home/ubuntu/workspace/module/Application/src/Application/Service/CartService.php(31): Doctrine\ORM\AbstractQuery->getResult()
#9 /home/ubuntu/workspace/module/Application/Module.php(36): Application\Service\CartService->verify()
#10 [internal function]: Application\Module->Application\{closure}(Object(Zend\Mvc\MvcEvent))
#11 /home/ubuntu/workspace/vendor/zendframework/zend-eventmanager/src/EventManager.php(444): call_user_func(Object(Closure), Object(Zend\Mvc\MvcEvent))
#12 /home/ubuntu/workspace/vendor/zendframework/zend-eventmanager/src/EventManager.php(205): Zend\EventManager\EventManager->triggerListeners('dispatch', Object(Zend\Mvc\MvcEvent), Object(Closure))
#13 /home/ubuntu/workspace/vendor/zendframework/zend-mvc/src/Controller/AbstractController.php(118): Zend\EventManager\EventManager->trigger('dispatch', Object(Zend\Mvc\MvcEvent), Object(Closure))
#14 /home/ubuntu/workspace/vendor/zendframework/zend-mvc/src/DispatchListener.php(93): Zend\Mvc\Controller\AbstractController->dispatch(Object(Zend\Http\PhpEnvironment\Request), Object(Zend\Http\PhpEnvironment\Response))
#15 [internal function]: Zend\Mvc\DispatchListener->onDispatch(Object(Zend\Mvc\MvcEvent))
#16 /home/ubuntu/workspace/vendor/zendframework/zend-eventmanager/src/EventManager.php(444): call_user_func(Array, Object(Zend\Mvc\MvcEvent))
#17 /home/ubuntu/workspace/vendor/zendframework/zend-eventmanager/src/EventManager.php(205): Zend\EventManager\EventManager->triggerListeners('dispatch', Object(Zend\Mvc\MvcEvent), Object(Closure))
#18 /home/ubuntu/workspace/vendor/zendframework/zend-mvc/src/Application.php(314): Zend\EventManager\EventManager->trigger('dispatch', Object(Zend\Mvc\MvcEvent), Object(Closure))
#19 /home/ubuntu/workspace/public/index.php(17): Zend\Mvc\Application->run()
#20 {main}

Next exception 'Doctrine\ORM\Query\QueryException' with message '[Semantical Error] line 0, col 49 near 'expire < :to': Error: Class Application\Entity\Cart has no field or association named expire' in /home/ubuntu/workspace/vendor/doctrine/orm/lib/Doctrine/ORM/Query/QueryException.php:63
Stack trace:
#0 /home/ubuntu/workspace/vendor/doctrine/orm/lib/Doctrine/ORM/Query/Parser.php(483): Doctrine\ORM\Query\QueryException::semanticalError('line 0, col 49 ...', Object(Doctrine\ORM\Query\QueryException))
#1 /home/ubuntu/workspace/vendor/doctrine/orm/lib/Doctrine/ORM/Query/Parser.php(759): Doctrine\ORM\Query\Parser->semanticalError('Class Applicati...', Array)
#2 /home/ubuntu/workspace/vendor/doctrine/orm/lib/Doctrine/ORM/Query/Parser.php(279): Doctrine\ORM\Query\Parser->processDeferredPathExpressions(Object(Doctrine\ORM\Query\AST\SelectStatement))
#3 /home/ubuntu/workspace/vendor/doctrine/orm/lib/Doctrine/ORM/Query/Parser.php(351): Doctrine\ORM\Query\Parser->getAST()
#4 /home/ubuntu/workspace/vendor/doctrine/orm/lib/Doctrine/ORM/Query.php(255): Doctrine\ORM\Query\Parser->parse()
#5 /home/ubuntu/workspace/vendor/doctrine/orm/lib/Doctrine/ORM/Query.php(267): Doctrine\ORM\Query->_parse()
#6 /home/ubuntu/workspace/vendor/doctrine/orm/lib/Doctrine/ORM/AbstractQuery.php(794): Doctrine\ORM\Query->_doExecute()
#7 /home/ubuntu/workspace/vendor/doctrine/orm/lib/Doctrine/ORM/AbstractQuery.php(574): Doctrine\ORM\AbstractQuery->execute(NULL, 1)
#8 /home/ubuntu/workspace/module/Application/src/Application/Service/CartService.php(31): Doctrine\ORM\AbstractQuery->getResult()
#9 /home/ubuntu/workspace/module/Application/Module.php(36): Application\Service\CartService->verify()
#10 [internal function]: Application\Module->Application\{closure}(Object(Zend\Mvc\MvcEvent))
#11 /home/ubuntu/workspace/vendor/zendframework/zend-eventmanager/src/EventManager.php(444): call_user_func(Object(Closure), Object(Zend\Mvc\MvcEvent))
#12 /home/ubuntu/workspace/vendor/zendframework/zend-eventmanager/src/EventManager.php(205): Zend\EventManager\EventManager->triggerListeners('dispatch', Object(Zend\Mvc\MvcEvent), Object(Closure))
#13 /home/ubuntu/workspace/vendor/zendframework/zend-mvc/src/Controller/AbstractController.php(118): Zend\EventManager\EventManager->trigger('dispatch', Object(Zend\Mvc\MvcEvent), Object(Closure))
#14 /home/ubuntu/workspace/vendor/zendframework/zend-mvc/src/DispatchListener.php(93): Zend\Mvc\Controller\AbstractController->dispatch(Object(Zend\Http\PhpEnvironment\Request), Object(Zend\Http\PhpEnvironment\Response))
#15 [internal function]: Zend\Mvc\DispatchListener->onDispatch(Object(Zend\Mvc\MvcEvent))
#16 /home/ubuntu/workspace/vendor/zendframework/zend-eventmanager/src/EventManager.php(444): call_user_func(Array, Object(Zend\Mvc\MvcEvent))
#17 /home/ubuntu/workspace/vendor/zendframework/zend-eventmanager/src/EventManager.php(205): Zend\EventManager\EventManager->triggerListeners('dispatch', Object(Zend\Mvc\MvcEvent), Object(Closure))
#18 /home/ubuntu/workspace/vendor/zendframework/zend-mvc/src/Application.php(314): Zend\EventManager\EventManager->trigger('dispatch', Object(Zend\Mvc\MvcEvent), Object(Closure))
#19 /home/ubuntu/workspace/public/index.php(17): Zend\Mvc\Application->run()
#20 {main} {"url":"https://utopia-dev-socratemus.c9.io/public/ro/c/mobile","ipaddress":"10.240.236.110"}
2015-08-09T14:23:37+03:00 CRIT (2): exception 'Zend\ServiceManager\Exception\ServiceNotFoundException' with message 'Zend\Mvc\Controller\PluginManager::get was unable to fetch or create an instance for getServiceManager' in /home/ubuntu/workspace/vendor/zendframework/zend-servicemanager/src/ServiceManager.php:555
Stack trace:
#0 /home/ubuntu/workspace/vendor/zendframework/zend-servicemanager/src/AbstractPluginManager.php(116): Zend\ServiceManager\ServiceManager->get('getServiceManag...', true)
#1 /home/ubuntu/workspace/vendor/zendframework/zend-mvc/src/Controller/PluginManager.php(84): Zend\ServiceManager\AbstractPluginManager->get('getServiceManag...', NULL, true)
#2 /home/ubuntu/workspace/vendor/zendframework/zend-mvc/src/Controller/AbstractController.php(292): Zend\Mvc\Controller\PluginManager->get('getServiceManag...', NULL)
#3 /home/ubuntu/workspace/vendor/zendframework/zend-mvc/src/Controller/AbstractController.php(307): Zend\Mvc\Controller\AbstractController->plugin('getServiceManag...')
#4 /home/ubuntu/workspace/module/Application/src/Application/Controller/CartController.php(23): Zend\Mvc\Controller\AbstractController->__call('getServiceManag...', Array)
#5 /home/ubuntu/workspace/module/Application/src/Application/Controller/CartController.php(23): Application\Controller\CartController->getServiceManager()
#6 /home/ubuntu/workspace/vendor/zendframework/zend-mvc/src/Controller/AbstractActionController.php(82): Application\Controller\CartController->addAction()
#7 [internal function]: Zend\Mvc\Controller\AbstractActionController->onDispatch(Object(Zend\Mvc\MvcEvent))
#8 /home/ubuntu/workspace/vendor/zendframework/zend-eventmanager/src/EventManager.php(444): call_user_func(Array, Object(Zend\Mvc\MvcEvent))
#9 /home/ubuntu/workspace/vendor/zendframework/zend-eventmanager/src/EventManager.php(205): Zend\EventManager\EventManager->triggerListeners('dispatch', Object(Zend\Mvc\MvcEvent), Object(Closure))
#10 /home/ubuntu/workspace/vendor/zendframework/zend-mvc/src/Controller/AbstractController.php(118): Zend\EventManager\EventManager->trigger('dispatch', Object(Zend\Mvc\MvcEvent), Object(Closure))
#11 /home/ubuntu/workspace/vendor/zendframework/zend-mvc/src/DispatchListener.php(93): Zend\Mvc\Controller\AbstractController->dispatch(Object(Zend\Http\PhpEnvironment\Request), Object(Zend\Http\PhpEnvironment\Response))
#12 [internal function]: Zend\Mvc\DispatchListener->onDispatch(Object(Zend\Mvc\MvcEvent))
#13 /home/ubuntu/workspace/vendor/zendframework/zend-eventmanager/src/EventManager.php(444): call_user_func(Array, Object(Zend\Mvc\MvcEvent))
#14 /home/ubuntu/workspace/vendor/zendframework/zend-eventmanager/src/EventManager.php(205): Zend\EventManager\EventManager->triggerListeners('dispatch', Object(Zend\Mvc\MvcEvent), Object(Closure))
#15 /home/ubuntu/workspace/vendor/zendframework/zend-mvc/src/Application.php(314): Zend\EventManager\EventManager->trigger('dispatch', Object(Zend\Mvc\MvcEvent), Object(Closure))
#16 /home/ubuntu/workspace/public/index.php(17): Zend\Mvc\Application->run()
#17 {main}
2015-08-09T14:23:43+03:00 CRIT (2): exception 'Zend\ServiceManager\Exception\ServiceNotFoundException' with message 'Zend\Mvc\Controller\PluginManager::get was unable to fetch or create an instance for getServiceManager' in /home/ubuntu/workspace/vendor/zendframework/zend-servicemanager/src/ServiceManager.php:555
Stack trace:
#0 /home/ubuntu/workspace/vendor/zendframework/zend-servicemanager/src/AbstractPluginManager.php(116): Zend\ServiceManager\ServiceManager->get('getServiceManag...', true)
#1 /home/ubuntu/workspace/vendor/zendframework/zend-mvc/src/Controller/PluginManager.php(84): Zend\ServiceManager\AbstractPluginManager->get('getServiceManag...', NULL, true)
#2 /home/ubuntu/workspace/vendor/zendframework/zend-mvc/src/Controller/AbstractController.php(292): Zend\Mvc\Controller\PluginManager->get('getServiceManag...', NULL)
#3 /home/ubuntu/workspace/vendor/zendframework/zend-mvc/src/Controller/AbstractController.php(307): Zend\Mvc\Controller\AbstractController->plugin('getServiceManag...')
#4 /home/ubuntu/workspace/module/Application/src/Application/Controller/CartController.php(23): Zend\Mvc\Controller\AbstractController->__call('getServiceManag...', Array)
#5 /home/ubuntu/workspace/module/Application/src/Application/Controller/CartController.php(23): Application\Controller\CartController->getServiceManager()
#6 /home/ubuntu/workspace/vendor/zendframework/zend-mvc/src/Controller/AbstractActionController.php(82): Application\Controller\CartController->addAction()
#7 [internal function]: Zend\Mvc\Controller\AbstractActionController->onDispatch(Object(Zend\Mvc\MvcEvent))
#8 /home/ubuntu/workspace/vendor/zendframework/zend-eventmanager/src/EventManager.php(444): call_user_func(Array, Object(Zend\Mvc\MvcEvent))
#9 /home/ubuntu/workspace/vendor/zendframework/zend-eventmanager/src/EventManager.php(205): Zend\EventManager\EventManager->triggerListeners('dispatch', Object(Zend\Mvc\MvcEvent), Object(Closure))
#10 /home/ubuntu/workspace/vendor/zendframework/zend-mvc/src/Controller/AbstractController.php(118): Zend\EventManager\EventManager->trigger('dispatch', Object(Zend\Mvc\MvcEvent), Object(Closure))
#11 /home/ubuntu/workspace/vendor/zendframework/zend-mvc/src/DispatchListener.php(93): Zend\Mvc\Controller\AbstractController->dispatch(Object(Zend\Http\PhpEnvironment\Request), Object(Zend\Http\PhpEnvironment\Response))
#12 [internal function]: Zend\Mvc\DispatchListener->onDispatch(Object(Zend\Mvc\MvcEvent))
#13 /home/ubuntu/workspace/vendor/zendframework/zend-eventmanager/src/EventManager.php(444): call_user_func(Array, Object(Zend\Mvc\MvcEvent))
#14 /home/ubuntu/workspace/vendor/zendframework/zend-eventmanager/src/EventManager.php(205): Zend\EventManager\EventManager->triggerListeners('dispatch', Object(Zend\Mvc\MvcEvent), Object(Closure))
#15 /home/ubuntu/workspace/vendor/zendframework/zend-mvc/src/Application.php(314): Zend\EventManager\EventManager->trigger('dispatch', Object(Zend\Mvc\MvcEvent), Object(Closure))
#16 /home/ubuntu/workspace/public/index.php(17): Zend\Mvc\Application->run()
#17 {main}
2015-08-09T14:25:54+03:00 CRIT (2): exception 'Exception' with message 'Add to cart not propperly called.[missing query id]' in /home/ubuntu/workspace/module/Application/src/Application/Controller/CartController.php:26
Stack trace:
#0 /home/ubuntu/workspace/vendor/zendframework/zend-mvc/src/Controller/AbstractActionController.php(82): Application\Controller\CartController->addAction()
#1 [internal function]: Zend\Mvc\Controller\AbstractActionController->onDispatch(Object(Zend\Mvc\MvcEvent))
#2 /home/ubuntu/workspace/vendor/zendframework/zend-eventmanager/src/EventManager.php(444): call_user_func(Array, Object(Zend\Mvc\MvcEvent))
#3 /home/ubuntu/workspace/vendor/zendframework/zend-eventmanager/src/EventManager.php(205): Zend\EventManager\EventManager->triggerListeners('dispatch', Object(Zend\Mvc\MvcEvent), Object(Closure))
#4 /home/ubuntu/workspace/vendor/zendframework/zend-mvc/src/Controller/AbstractController.php(118): Zend\EventManager\EventManager->trigger('dispatch', Object(Zend\Mvc\MvcEvent), Object(Closure))
#5 /home/ubuntu/workspace/vendor/zendframework/zend-mvc/src/DispatchListener.php(93): Zend\Mvc\Controller\AbstractController->dispatch(Object(Zend\Http\PhpEnvironment\Request), Object(Zend\Http\PhpEnvironment\Response))
#6 [internal function]: Zend\Mvc\DispatchListener->onDispatch(Object(Zend\Mvc\MvcEvent))
#7 /home/ubuntu/workspace/vendor/zendframework/zend-eventmanager/src/EventManager.php(444): call_user_func(Array, Object(Zend\Mvc\MvcEvent))
#8 /home/ubuntu/workspace/vendor/zendframework/zend-eventmanager/src/EventManager.php(205): Zend\EventManager\EventManager->triggerListeners('dispatch', Object(Zend\Mvc\MvcEvent), Object(Closure))
#9 /home/ubuntu/workspace/vendor/zendframework/zend-mvc/src/Application.php(314): Zend\EventManager\EventManager->trigger('dispatch', Object(Zend\Mvc\MvcEvent), Object(Closure))
#10 /home/ubuntu/workspace/public/index.php(17): Zend\Mvc\Application->run()
#11 {main}
2015-08-09T15:03:42+03:00 CRIT (2): exception 'Doctrine\ORM\ORMException' with message 'Unrecognized field: CartId' in /home/ubuntu/workspace/vendor/doctrine/orm/lib/Doctrine/ORM/ORMException.php:100
Stack trace:
#0 /home/ubuntu/workspace/vendor/doctrine/orm/lib/Doctrine/ORM/Persisters/BasicEntityPersister.php(1203): Doctrine\ORM\ORMException::unrecognizedField('CartId')
#1 /home/ubuntu/workspace/vendor/doctrine/orm/lib/Doctrine/ORM/Persisters/BasicEntityPersister.php(1110): Doctrine\ORM\Persisters\BasicEntityPersister->getOrderBySQL(Array, 't0')
#2 /home/ubuntu/workspace/vendor/doctrine/orm/lib/Doctrine/ORM/Persisters/BasicEntityPersister.php(1781): Doctrine\ORM\Persisters\BasicEntityPersister->getSelectSQL(Array, Array, 0, NULL, NULL)
#3 /home/ubuntu/workspace/vendor/doctrine/orm/lib/Doctrine/ORM/Persisters/BasicEntityPersister.php(1740): Doctrine\ORM\Persisters\BasicEntityPersister->getOneToManyStatement(Array, Object(Application\Entity\Cart))
#4 /home/ubuntu/workspace/vendor/doctrine/orm/lib/Doctrine/ORM/UnitOfWork.php(2792): Doctrine\ORM\Persisters\BasicEntityPersister->loadOneToManyCollection(Array, Object(Application\Entity\Cart), Object(Doctrine\ORM\PersistentCollection))
#5 /home/ubuntu/workspace/vendor/doctrine/orm/lib/Doctrine/ORM/PersistentCollection.php(236): Doctrine\ORM\UnitOfWork->loadCollection(Object(Doctrine\ORM\PersistentCollection))
#6 /home/ubuntu/workspace/vendor/doctrine/orm/lib/Doctrine/ORM/PersistentCollection.php(662): Doctrine\ORM\PersistentCollection->initialize()
#7 /home/ubuntu/workspace/module/Application/src/Application/Service/CartService.php(66): Doctrine\ORM\PersistentCollection->toArray()
#8 /home/ubuntu/workspace/module/Application/src/Application/Controller/CartController.php(39): Application\Service\CartService->addItem(Object(Application\Entity\Item), Array)
#9 /home/ubuntu/workspace/vendor/zendframework/zend-mvc/src/Controller/AbstractActionController.php(82): Application\Controller\CartController->addAction()
#10 [internal function]: Zend\Mvc\Controller\AbstractActionController->onDispatch(Object(Zend\Mvc\MvcEvent))
#11 /home/ubuntu/workspace/vendor/zendframework/zend-eventmanager/src/EventManager.php(444): call_user_func(Array, Object(Zend\Mvc\MvcEvent))
#12 /home/ubuntu/workspace/vendor/zendframework/zend-eventmanager/src/EventManager.php(205): Zend\EventManager\EventManager->triggerListeners('dispatch', Object(Zend\Mvc\MvcEvent), Object(Closure))
#13 /home/ubuntu/workspace/vendor/zendframework/zend-mvc/src/Controller/AbstractController.php(118): Zend\EventManager\EventManager->trigger('dispatch', Object(Zend\Mvc\MvcEvent), Object(Closure))
#14 /home/ubuntu/workspace/vendor/zendframework/zend-mvc/src/DispatchListener.php(93): Zend\Mvc\Controller\AbstractController->dispatch(Object(Zend\Http\PhpEnvironment\Request), Object(Zend\Http\PhpEnvironment\Response))
#15 [internal function]: Zend\Mvc\DispatchListener->onDispatch(Object(Zend\Mvc\MvcEvent))
#16 /home/ubuntu/workspace/vendor/zendframework/zend-eventmanager/src/EventManager.php(444): call_user_func(Array, Object(Zend\Mvc\MvcEvent))
#17 /home/ubuntu/workspace/vendor/zendframework/zend-eventmanager/src/EventManager.php(205): Zend\EventManager\EventManager->triggerListeners('dispatch', Object(Zend\Mvc\MvcEvent), Object(Closure))
#18 /home/ubuntu/workspace/vendor/zendframework/zend-mvc/src/Application.php(314): Zend\EventManager\EventManager->trigger('dispatch', Object(Zend\Mvc\MvcEvent), Object(Closure))
#19 /home/ubuntu/workspace/public/index.php(17): Zend\Mvc\Application->run()
#20 {main}
2015-08-09T15:03:43+03:00 CRIT (2): exception 'Doctrine\ORM\ORMException' with message 'Unrecognized field: CartId' in /home/ubuntu/workspace/vendor/doctrine/orm/lib/Doctrine/ORM/ORMException.php:100
Stack trace:
#0 /home/ubuntu/workspace/vendor/doctrine/orm/lib/Doctrine/ORM/Persisters/BasicEntityPersister.php(1203): Doctrine\ORM\ORMException::unrecognizedField('CartId')
#1 /home/ubuntu/workspace/vendor/doctrine/orm/lib/Doctrine/ORM/Persisters/BasicEntityPersister.php(1110): Doctrine\ORM\Persisters\BasicEntityPersister->getOrderBySQL(Array, 't0')
#2 /home/ubuntu/workspace/vendor/doctrine/orm/lib/Doctrine/ORM/Persisters/BasicEntityPersister.php(1781): Doctrine\ORM\Persisters\BasicEntityPersister->getSelectSQL(Array, Array, 0, NULL, NULL)
#3 /home/ubuntu/workspace/vendor/doctrine/orm/lib/Doctrine/ORM/Persisters/BasicEntityPersister.php(1740): Doctrine\ORM\Persisters\BasicEntityPersister->getOneToManyStatement(Array, Object(Application\Entity\Cart))
#4 /home/ubuntu/workspace/vendor/doctrine/orm/lib/Doctrine/ORM/UnitOfWork.php(2792): Doctrine\ORM\Persisters\BasicEntityPersister->loadOneToManyCollection(Array, Object(Application\Entity\Cart), Object(Doctrine\ORM\PersistentCollection))
#5 /home/ubuntu/workspace/vendor/doctrine/orm/lib/Doctrine/ORM/PersistentCollection.php(236): Doctrine\ORM\UnitOfWork->loadCollection(Object(Doctrine\ORM\PersistentCollection))
#6 /home/ubuntu/workspace/vendor/doctrine/orm/lib/Doctrine/ORM/PersistentCollection.php(662): Doctrine\ORM\PersistentCollection->initialize()
#7 /home/ubuntu/workspace/module/Application/src/Application/Service/CartService.php(66): Doctrine\ORM\PersistentCollection->toArray()
#8 /home/ubuntu/workspace/module/Application/src/Application/Controller/CartController.php(39): Application\Service\CartService->addItem(Object(Application\Entity\Item), Array)
#9 /home/ubuntu/workspace/vendor/zendframework/zend-mvc/src/Controller/AbstractActionController.php(82): Application\Controller\CartController->addAction()
#10 [internal function]: Zend\Mvc\Controller\AbstractActionController->onDispatch(Object(Zend\Mvc\MvcEvent))
#11 /home/ubuntu/workspace/vendor/zendframework/zend-eventmanager/src/EventManager.php(444): call_user_func(Array, Object(Zend\Mvc\MvcEvent))
#12 /home/ubuntu/workspace/vendor/zendframework/zend-eventmanager/src/EventManager.php(205): Zend\EventManager\EventManager->triggerListeners('dispatch', Object(Zend\Mvc\MvcEvent), Object(Closure))
#13 /home/ubuntu/workspace/vendor/zendframework/zend-mvc/src/Controller/AbstractController.php(118): Zend\EventManager\EventManager->trigger('dispatch', Object(Zend\Mvc\MvcEvent), Object(Closure))
#14 /home/ubuntu/workspace/vendor/zendframework/zend-mvc/src/DispatchListener.php(93): Zend\Mvc\Controller\AbstractController->dispatch(Object(Zend\Http\PhpEnvironment\Request), Object(Zend\Http\PhpEnvironment\Response))
#15 [internal function]: Zend\Mvc\DispatchListener->onDispatch(Object(Zend\Mvc\MvcEvent))
#16 /home/ubuntu/workspace/vendor/zendframework/zend-eventmanager/src/EventManager.php(444): call_user_func(Array, Object(Zend\Mvc\MvcEvent))
#17 /home/ubuntu/workspace/vendor/zendframework/zend-eventmanager/src/EventManager.php(205): Zend\EventManager\EventManager->triggerListeners('dispatch', Object(Zend\Mvc\MvcEvent), Object(Closure))
#18 /home/ubuntu/workspace/vendor/zendframework/zend-mvc/src/Application.php(314): Zend\EventManager\EventManager->trigger('dispatch', Object(Zend\Mvc\MvcEvent), Object(Closure))
#19 /home/ubuntu/workspace/public/index.php(17): Zend\Mvc\Application->run()
#20 {main}
2015-08-09T15:04:30+03:00 CRIT (2): exception 'Doctrine\ORM\ORMException' with message 'Unrecognized field: CartId' in /home/ubuntu/workspace/vendor/doctrine/orm/lib/Doctrine/ORM/ORMException.php:100
Stack trace:
#0 /home/ubuntu/workspace/vendor/doctrine/orm/lib/Doctrine/ORM/Persisters/BasicEntityPersister.php(1203): Doctrine\ORM\ORMException::unrecognizedField('CartId')
#1 /home/ubuntu/workspace/vendor/doctrine/orm/lib/Doctrine/ORM/Persisters/BasicEntityPersister.php(1110): Doctrine\ORM\Persisters\BasicEntityPersister->getOrderBySQL(Array, 't0')
#2 /home/ubuntu/workspace/vendor/doctrine/orm/lib/Doctrine/ORM/Persisters/BasicEntityPersister.php(1781): Doctrine\ORM\Persisters\BasicEntityPersister->getSelectSQL(Array, Array, 0, NULL, NULL)
#3 /home/ubuntu/workspace/vendor/doctrine/orm/lib/Doctrine/ORM/Persisters/BasicEntityPersister.php(1740): Doctrine\ORM\Persisters\BasicEntityPersister->getOneToManyStatement(Array, Object(Application\Entity\Cart))
#4 /home/ubuntu/workspace/vendor/doctrine/orm/lib/Doctrine/ORM/UnitOfWork.php(2792): Doctrine\ORM\Persisters\BasicEntityPersister->loadOneToManyCollection(Array, Object(Application\Entity\Cart), Object(Doctrine\ORM\PersistentCollection))
#5 /home/ubuntu/workspace/vendor/doctrine/orm/lib/Doctrine/ORM/PersistentCollection.php(236): Doctrine\ORM\UnitOfWork->loadCollection(Object(Doctrine\ORM\PersistentCollection))
#6 /home/ubuntu/workspace/vendor/doctrine/orm/lib/Doctrine/ORM/PersistentCollection.php(612): Doctrine\ORM\PersistentCollection->initialize()
#7 /home/ubuntu/workspace/module/Application/src/Application/Service/CartService.php(67): Doctrine\ORM\PersistentCollection->getIterator()
#8 /home/ubuntu/workspace/module/Application/src/Application/Controller/CartController.php(39): Application\Service\CartService->addItem(Object(Application\Entity\Item), Array)
#9 /home/ubuntu/workspace/vendor/zendframework/zend-mvc/src/Controller/AbstractActionController.php(82): Application\Controller\CartController->addAction()
#10 [internal function]: Zend\Mvc\Controller\AbstractActionController->onDispatch(Object(Zend\Mvc\MvcEvent))
#11 /home/ubuntu/workspace/vendor/zendframework/zend-eventmanager/src/EventManager.php(444): call_user_func(Array, Object(Zend\Mvc\MvcEvent))
#12 /home/ubuntu/workspace/vendor/zendframework/zend-eventmanager/src/EventManager.php(205): Zend\EventManager\EventManager->triggerListeners('dispatch', Object(Zend\Mvc\MvcEvent), Object(Closure))
#13 /home/ubuntu/workspace/vendor/zendframework/zend-mvc/src/Controller/AbstractController.php(118): Zend\EventManager\EventManager->trigger('dispatch', Object(Zend\Mvc\MvcEvent), Object(Closure))
#14 /home/ubuntu/workspace/vendor/zendframework/zend-mvc/src/DispatchListener.php(93): Zend\Mvc\Controller\AbstractController->dispatch(Object(Zend\Http\PhpEnvironment\Request), Object(Zend\Http\PhpEnvironment\Response))
#15 [internal function]: Zend\Mvc\DispatchListener->onDispatch(Object(Zend\Mvc\MvcEvent))
#16 /home/ubuntu/workspace/vendor/zendframework/zend-eventmanager/src/EventManager.php(444): call_user_func(Array, Object(Zend\Mvc\MvcEvent))
#17 /home/ubuntu/workspace/vendor/zendframework/zend-eventmanager/src/EventManager.php(205): Zend\EventManager\EventManager->triggerListeners('dispatch', Object(Zend\Mvc\MvcEvent), Object(Closure))
#18 /home/ubuntu/workspace/vendor/zendframework/zend-mvc/src/Application.php(314): Zend\EventManager\EventManager->trigger('dispatch', Object(Zend\Mvc\MvcEvent), Object(Closure))
#19 /home/ubuntu/workspace/public/index.php(17): Zend\Mvc\Application->run()
#20 {main}
2015-08-09T15:04:42+03:00 CRIT (2): exception 'Doctrine\ORM\ORMException' with message 'Unrecognized field: CartId' in /home/ubuntu/workspace/vendor/doctrine/orm/lib/Doctrine/ORM/ORMException.php:100
Stack trace:
#0 /home/ubuntu/workspace/vendor/doctrine/orm/lib/Doctrine/ORM/Persisters/BasicEntityPersister.php(1203): Doctrine\ORM\ORMException::unrecognizedField('CartId')
#1 /home/ubuntu/workspace/vendor/doctrine/orm/lib/Doctrine/ORM/Persisters/BasicEntityPersister.php(1110): Doctrine\ORM\Persisters\BasicEntityPersister->getOrderBySQL(Array, 't0')
#2 /home/ubuntu/workspace/vendor/doctrine/orm/lib/Doctrine/ORM/Persisters/BasicEntityPersister.php(1781): Doctrine\ORM\Persisters\BasicEntityPersister->getSelectSQL(Array, Array, 0, NULL, NULL)
#3 /home/ubuntu/workspace/vendor/doctrine/orm/lib/Doctrine/ORM/Persisters/BasicEntityPersister.php(1740): Doctrine\ORM\Persisters\BasicEntityPersister->getOneToManyStatement(Array, Object(Application\Entity\Cart))
#4 /home/ubuntu/workspace/vendor/doctrine/orm/lib/Doctrine/ORM/UnitOfWork.php(2792): Doctrine\ORM\Persisters\BasicEntityPersister->loadOneToManyCollection(Array, Object(Application\Entity\Cart), Object(Doctrine\ORM\PersistentCollection))
#5 /home/ubuntu/workspace/vendor/doctrine/orm/lib/Doctrine/ORM/PersistentCollection.php(236): Doctrine\ORM\UnitOfWork->loadCollection(Object(Doctrine\ORM\PersistentCollection))
#6 /home/ubuntu/workspace/vendor/doctrine/orm/lib/Doctrine/ORM/PersistentCollection.php(612): Doctrine\ORM\PersistentCollection->initialize()
#7 /home/ubuntu/workspace/module/Application/src/Application/Service/CartService.php(67): Doctrine\ORM\PersistentCollection->getIterator()
#8 /home/ubuntu/workspace/module/Application/src/Application/Controller/CartController.php(39): Application\Service\CartService->addItem(Object(Application\Entity\Item), Array)
#9 /home/ubuntu/workspace/vendor/zendframework/zend-mvc/src/Controller/AbstractActionController.php(82): Application\Controller\CartController->addAction()
#10 [internal function]: Zend\Mvc\Controller\AbstractActionController->onDispatch(Object(Zend\Mvc\MvcEvent))
#11 /home/ubuntu/workspace/vendor/zendframework/zend-eventmanager/src/EventManager.php(444): call_user_func(Array, Object(Zend\Mvc\MvcEvent))
#12 /home/ubuntu/workspace/vendor/zendframework/zend-eventmanager/src/EventManager.php(205): Zend\EventManager\EventManager->triggerListeners('dispatch', Object(Zend\Mvc\MvcEvent), Object(Closure))
#13 /home/ubuntu/workspace/vendor/zendframework/zend-mvc/src/Controller/AbstractController.php(118): Zend\EventManager\EventManager->trigger('dispatch', Object(Zend\Mvc\MvcEvent), Object(Closure))
#14 /home/ubuntu/workspace/vendor/zendframework/zend-mvc/src/DispatchListener.php(93): Zend\Mvc\Controller\AbstractController->dispatch(Object(Zend\Http\PhpEnvironment\Request), Object(Zend\Http\PhpEnvironment\Response))
#15 [internal function]: Zend\Mvc\DispatchListener->onDispatch(Object(Zend\Mvc\MvcEvent))
#16 /home/ubuntu/workspace/vendor/zendframework/zend-eventmanager/src/EventManager.php(444): call_user_func(Array, Object(Zend\Mvc\MvcEvent))
#17 /home/ubuntu/workspace/vendor/zendframework/zend-eventmanager/src/EventManager.php(205): Zend\EventManager\EventManager->triggerListeners('dispatch', Object(Zend\Mvc\MvcEvent), Object(Closure))
#18 /home/ubuntu/workspace/vendor/zendframework/zend-mvc/src/Application.php(314): Zend\EventManager\EventManager->trigger('dispatch', Object(Zend\Mvc\MvcEvent), Object(Closure))
#19 /home/ubuntu/workspace/public/index.php(17): Zend\Mvc\Application->run()
#20 {main}
