2015-07-15T09:14:32+00:00 CRIT (2): exception 'Exception' with message 'language not supported yet.' in /home/ubuntu/workspace/module/Application/src/Application/Controller/IntlController.php:11
Stack trace:
#0 /home/ubuntu/workspace/vendor/zendframework/zend-mvc/src/Controller/AbstractActionController.php(82): Application\Controller\IntlController->IndexAction()
#1 [internal function]: Zend\Mvc\Controller\AbstractActionController->onDispatch(Object(Zend\Mvc\MvcEvent))
#2 /home/ubuntu/workspace/vendor/zendframework/zend-eventmanager/src/EventManager.php(444): call_user_func(Array, Object(Zend\Mvc\MvcEvent))
#3 /home/ubuntu/workspace/vendor/zendframework/zend-eventmanager/src/EventManager.php(205): Zend\EventManager\EventManager->triggerListeners('dispatch', Object(Zend\Mvc\MvcEvent), Object(Closure))
#4 /home/ubuntu/workspace/vendor/zendframework/zend-mvc/src/Controller/AbstractController.php(118): Zend\EventManager\EventManager->trigger('dispatch', Object(Zend\Mvc\MvcEvent), Object(Closure))
#5 /home/ubuntu/workspace/vendor/zendframework/zend-mvc/src/DispatchListener.php(93): Zend\Mvc\Controller\AbstractController->dispatch(Object(Zend\Http\PhpEnvironment\Request), Object(Zend\Http\PhpEnvironment\Response))
#6 [internal function]: Zend\Mvc\DispatchListener->onDispatch(Object(Zend\Mvc\MvcEvent))
#7 /home/ubuntu/workspace/vendor/zendframework/zend-eventmanager/src/EventManager.php(444): call_user_func(Array, Object(Zend\Mvc\MvcEvent))
#8 /home/ubuntu/workspace/vendor/zendframework/zend-eventmanager/src/EventManager.php(205): Zend\EventManager\EventManager->triggerListeners('dispatch', Object(Zend\Mvc\MvcEvent), Object(Closure))
#9 /home/ubuntu/workspace/vendor/zendframework/zend-mvc/src/Application.php(314): Zend\EventManager\EventManager->trigger('dispatch', Object(Zend\Mvc\MvcEvent), Object(Closure))
#10 /home/ubuntu/workspace/public/index.php(17): Zend\Mvc\Application->run()
#11 {main} {"url":"https://utopia-dev-socratemus.c9.io/public/","ipaddress":"10.240.0.34"}
2015-07-15T09:23:28+00:00 CRIT (2): exception 'Zend\ServiceManager\Exception\ServiceNotFoundException' with message 'Zend\Mvc\Controller\ControllerManager::createFromInvokable: failed retrieving "admincontrollerindex(alias: Admin\Controller\Index)" via invokable class "Admin\Controller\IndexController"; class does not exist' in /home/ubuntu/workspace/vendor/zendframework/zend-servicemanager/src/AbstractPluginManager.php:195
Stack trace:
#0 /home/ubuntu/workspace/vendor/zendframework/zend-servicemanager/src/ServiceManager.php(642): Zend\ServiceManager\AbstractPluginManager->createFromInvokable('admincontroller...', 'Admin\Controlle...')
#1 /home/ubuntu/workspace/vendor/zendframework/zend-servicemanager/src/ServiceManager.php(598): Zend\ServiceManager\ServiceManager->doCreate('Admin\Controlle...', 'admincontroller...')
#2 /home/ubuntu/workspace/vendor/zendframework/zend-servicemanager/src/ServiceManager.php(530): Zend\ServiceManager\ServiceManager->create(Array)
#3 /home/ubuntu/workspace/vendor/zendframework/zend-servicemanager/src/AbstractPluginManager.php(116): Zend\ServiceManager\ServiceManager->get('Admin\Controlle...', false)
#4 /home/ubuntu/workspace/vendor/zendframework/zend-mvc/src/Controller/ControllerManager.php(137): Zend\ServiceManager\AbstractPluginManager->get('Admin\Controlle...', Array, false)
#5 /home/ubuntu/workspace/vendor/zendframework/zend-mvc/src/DispatchListener.php(76): Zend\Mvc\Controller\ControllerManager->get('Admin\Controlle...')
#6 [internal function]: Zend\Mvc\DispatchListener->onDispatch(Object(Zend\Mvc\MvcEvent))
#7 /home/ubuntu/workspace/vendor/zendframework/zend-eventmanager/src/EventManager.php(444): call_user_func(Array, Object(Zend\Mvc\MvcEvent))
#8 /home/ubuntu/workspace/vendor/zendframework/zend-eventmanager/src/EventManager.php(205): Zend\EventManager\EventManager->triggerListeners('dispatch', Object(Zend\Mvc\MvcEvent), Object(Closure))
#9 /home/ubuntu/workspace/vendor/zendframework/zend-mvc/src/Application.php(314): Zend\EventManager\EventManager->trigger('dispatch', Object(Zend\Mvc\MvcEvent), Object(Closure))
#10 /home/ubuntu/workspace/public/index.php(17): Zend\Mvc\Application->run()
#11 {main} {"url":"https://utopia-dev-socratemus.c9.io/public/admin","ipaddress":"10.240.0.34"}
2015-07-15T09:23:38+00:00 CRIT (2): exception 'Zend\ServiceManager\Exception\ServiceNotFoundException' with message 'Zend\Mvc\Controller\ControllerManager::createFromInvokable: failed retrieving "admincontrollerindex(alias: Admin\Controller\Index)" via invokable class "Admin\Controller\IndexController"; class does not exist' in /home/ubuntu/workspace/vendor/zendframework/zend-servicemanager/src/AbstractPluginManager.php:195
Stack trace:
#0 /home/ubuntu/workspace/vendor/zendframework/zend-servicemanager/src/ServiceManager.php(642): Zend\ServiceManager\AbstractPluginManager->createFromInvokable('admincontroller...', 'Admin\Controlle...')
#1 /home/ubuntu/workspace/vendor/zendframework/zend-servicemanager/src/ServiceManager.php(598): Zend\ServiceManager\ServiceManager->doCreate('Admin\Controlle...', 'admincontroller...')
#2 /home/ubuntu/workspace/vendor/zendframework/zend-servicemanager/src/ServiceManager.php(530): Zend\ServiceManager\ServiceManager->create(Array)
#3 /home/ubuntu/workspace/vendor/zendframework/zend-servicemanager/src/AbstractPluginManager.php(116): Zend\ServiceManager\ServiceManager->get('Admin\Controlle...', false)
#4 /home/ubuntu/workspace/vendor/zendframework/zend-mvc/src/Controller/ControllerManager.php(137): Zend\ServiceManager\AbstractPluginManager->get('Admin\Controlle...', Array, false)
#5 /home/ubuntu/workspace/vendor/zendframework/zend-mvc/src/DispatchListener.php(76): Zend\Mvc\Controller\ControllerManager->get('Admin\Controlle...')
#6 [internal function]: Zend\Mvc\DispatchListener->onDispatch(Object(Zend\Mvc\MvcEvent))
#7 /home/ubuntu/workspace/vendor/zendframework/zend-eventmanager/src/EventManager.php(444): call_user_func(Array, Object(Zend\Mvc\MvcEvent))
#8 /home/ubuntu/workspace/vendor/zendframework/zend-eventmanager/src/EventManager.php(205): Zend\EventManager\EventManager->triggerListeners('dispatch', Object(Zend\Mvc\MvcEvent), Object(Closure))
#9 /home/ubuntu/workspace/vendor/zendframework/zend-mvc/src/Application.php(314): Zend\EventManager\EventManager->trigger('dispatch', Object(Zend\Mvc\MvcEvent), Object(Closure))
#10 /home/ubuntu/workspace/public/index.php(17): Zend\Mvc\Application->run()
#11 {main} {"url":"https://utopia-dev-socratemus.c9.io/public/admin","ipaddress":"10.240.0.34"}
2015-07-15T09:50:43+00:00 CRIT (2): exception 'Exception' with message 'language not supported yet.' in /home/ubuntu/workspace/module/Application/src/Application/Controller/IntlController.php:11
Stack trace:
#0 /home/ubuntu/workspace/vendor/zendframework/zend-mvc/src/Controller/AbstractActionController.php(82): Application\Controller\IntlController->IndexAction()
#1 [internal function]: Zend\Mvc\Controller\AbstractActionController->onDispatch(Object(Zend\Mvc\MvcEvent))
#2 /home/ubuntu/workspace/vendor/zendframework/zend-eventmanager/src/EventManager.php(444): call_user_func(Array, Object(Zend\Mvc\MvcEvent))
#3 /home/ubuntu/workspace/vendor/zendframework/zend-eventmanager/src/EventManager.php(205): Zend\EventManager\EventManager->triggerListeners('dispatch', Object(Zend\Mvc\MvcEvent), Object(Closure))
#4 /home/ubuntu/workspace/vendor/zendframework/zend-mvc/src/Controller/AbstractController.php(118): Zend\EventManager\EventManager->trigger('dispatch', Object(Zend\Mvc\MvcEvent), Object(Closure))
#5 /home/ubuntu/workspace/vendor/zendframework/zend-mvc/src/DispatchListener.php(93): Zend\Mvc\Controller\AbstractController->dispatch(Object(Zend\Http\PhpEnvironment\Request), Object(Zend\Http\PhpEnvironment\Response))
#6 [internal function]: Zend\Mvc\DispatchListener->onDispatch(Object(Zend\Mvc\MvcEvent))
#7 /home/ubuntu/workspace/vendor/zendframework/zend-eventmanager/src/EventManager.php(444): call_user_func(Array, Object(Zend\Mvc\MvcEvent))
#8 /home/ubuntu/workspace/vendor/zendframework/zend-eventmanager/src/EventManager.php(205): Zend\EventManager\EventManager->triggerListeners('dispatch', Object(Zend\Mvc\MvcEvent), Object(Closure))
#9 /home/ubuntu/workspace/vendor/zendframework/zend-mvc/src/Application.php(314): Zend\EventManager\EventManager->trigger('dispatch', Object(Zend\Mvc\MvcEvent), Object(Closure))
#10 /home/ubuntu/workspace/public/index.php(17): Zend\Mvc\Application->run()
#11 {main} {"url":"https://utopia-dev-socratemus.c9.io/public/","ipaddress":"10.240.236.110"}
