2015-08-14T12:59:05+03:00 CRIT (2): exception 'Google_Auth_Exception' with message 'Error fetching OAuth2 access token, message: 'invalid_grant: Invalid code.'' in /home/ubuntu/workspace/vendor/google/google-api-php-client/src/Google/Auth/OAuth2.php:125
Stack trace:
#0 /home/ubuntu/workspace/vendor/google/google-api-php-client/src/Google/Client.php(128): Google_Auth_OAuth2->authenticate('4/sxAfrp6PhzW-G...', false)
#1 /home/ubuntu/workspace/module/Storage/src/Storage/Service/GoogleDrive.php(94): Google_Client->authenticate('4/sxAfrp6PhzW-G...')
#2 /home/ubuntu/workspace/module/Storage/src/Storage/Controller/GoogleController.php(184): Storage\Service\GoogleDrive->authenticate('4/sxAfrp6PhzW-G...')
#3 /home/ubuntu/workspace/vendor/zendframework/zend-mvc/src/Controller/AbstractActionController.php(82): Storage\Controller\GoogleController->googleReturnAction()
#4 [internal function]: Zend\Mvc\Controller\AbstractActionController->onDispatch(Object(Zend\Mvc\MvcEvent))
#5 /home/ubuntu/workspace/vendor/zendframework/zend-eventmanager/src/EventManager.php(444): call_user_func(Array, Object(Zend\Mvc\MvcEvent))
#6 /home/ubuntu/workspace/vendor/zendframework/zend-eventmanager/src/EventManager.php(205): Zend\EventManager\EventManager->triggerListeners('dispatch', Object(Zend\Mvc\MvcEvent), Object(Closure))
#7 /home/ubuntu/workspace/vendor/zendframework/zend-mvc/src/Controller/AbstractController.php(118): Zend\EventManager\EventManager->trigger('dispatch', Object(Zend\Mvc\MvcEvent), Object(Closure))
#8 /home/ubuntu/workspace/vendor/zendframework/zend-mvc/src/DispatchListener.php(93): Zend\Mvc\Controller\AbstractController->dispatch(Object(Zend\Http\PhpEnvironment\Request), Object(Zend\Http\PhpEnvironment\Response))
#9 [internal function]: Zend\Mvc\DispatchListener->onDispatch(Object(Zend\Mvc\MvcEvent))
#10 /home/ubuntu/workspace/vendor/zendframework/zend-eventmanager/src/EventManager.php(444): call_user_func(Array, Object(Zend\Mvc\MvcEvent))
#11 /home/ubuntu/workspace/vendor/zendframework/zend-eventmanager/src/EventManager.php(205): Zend\EventManager\EventManager->triggerListeners('dispatch', Object(Zend\Mvc\MvcEvent), Object(Closure))
#12 /home/ubuntu/workspace/vendor/zendframework/zend-mvc/src/Application.php(314): Zend\EventManager\EventManager->trigger('dispatch', Object(Zend\Mvc\MvcEvent), Object(Closure))
#13 /home/ubuntu/workspace/public/index.php(17): Zend\Mvc\Application->run()
#14 {main}
2015-08-14T12:59:34+03:00 CRIT (2): exception 'Google_Auth_Exception' with message 'Error fetching OAuth2 access token, message: 'invalid_grant: Code was already redeemed.'' in /home/ubuntu/workspace/vendor/google/google-api-php-client/src/Google/Auth/OAuth2.php:125
Stack trace:
#0 /home/ubuntu/workspace/vendor/google/google-api-php-client/src/Google/Client.php(128): Google_Auth_OAuth2->authenticate('4/sxAfrp6PhzW-G...', false)
#1 /home/ubuntu/workspace/module/Storage/src/Storage/Service/GoogleDrive.php(94): Google_Client->authenticate('4/sxAfrp6PhzW-G...')
#2 /home/ubuntu/workspace/module/Storage/src/Storage/Controller/GoogleController.php(184): Storage\Service\GoogleDrive->authenticate('4/sxAfrp6PhzW-G...')
#3 /home/ubuntu/workspace/vendor/zendframework/zend-mvc/src/Controller/AbstractActionController.php(82): Storage\Controller\GoogleController->googleReturnAction()
#4 [internal function]: Zend\Mvc\Controller\AbstractActionController->onDispatch(Object(Zend\Mvc\MvcEvent))
#5 /home/ubuntu/workspace/vendor/zendframework/zend-eventmanager/src/EventManager.php(444): call_user_func(Array, Object(Zend\Mvc\MvcEvent))
#6 /home/ubuntu/workspace/vendor/zendframework/zend-eventmanager/src/EventManager.php(205): Zend\EventManager\EventManager->triggerListeners('dispatch', Object(Zend\Mvc\MvcEvent), Object(Closure))
#7 /home/ubuntu/workspace/vendor/zendframework/zend-mvc/src/Controller/AbstractController.php(118): Zend\EventManager\EventManager->trigger('dispatch', Object(Zend\Mvc\MvcEvent), Object(Closure))
#8 /home/ubuntu/workspace/vendor/zendframework/zend-mvc/src/DispatchListener.php(93): Zend\Mvc\Controller\AbstractController->dispatch(Object(Zend\Http\PhpEnvironment\Request), Object(Zend\Http\PhpEnvironment\Response))
#9 [internal function]: Zend\Mvc\DispatchListener->onDispatch(Object(Zend\Mvc\MvcEvent))
#10 /home/ubuntu/workspace/vendor/zendframework/zend-eventmanager/src/EventManager.php(444): call_user_func(Array, Object(Zend\Mvc\MvcEvent))
#11 /home/ubuntu/workspace/vendor/zendframework/zend-eventmanager/src/EventManager.php(205): Zend\EventManager\EventManager->triggerListeners('dispatch', Object(Zend\Mvc\MvcEvent), Object(Closure))
#12 /home/ubuntu/workspace/vendor/zendframework/zend-mvc/src/Application.php(314): Zend\EventManager\EventManager->trigger('dispatch', Object(Zend\Mvc\MvcEvent), Object(Closure))
#13 /home/ubuntu/workspace/public/index.php(17): Zend\Mvc\Application->run()
#14 {main}
2015-08-14T12:59:46+03:00 CRIT (2): exception 'Google_Auth_Exception' with message 'Error fetching OAuth2 access token, message: 'invalid_grant: Code was already redeemed.'' in /home/ubuntu/workspace/vendor/google/google-api-php-client/src/Google/Auth/OAuth2.php:125
Stack trace:
#0 /home/ubuntu/workspace/vendor/google/google-api-php-client/src/Google/Client.php(128): Google_Auth_OAuth2->authenticate('4/sxAfrp6PhzW-G...', false)
#1 /home/ubuntu/workspace/module/Storage/src/Storage/Service/GoogleDrive.php(94): Google_Client->authenticate('4/sxAfrp6PhzW-G...')
#2 /home/ubuntu/workspace/module/Storage/src/Storage/Controller/GoogleController.php(184): Storage\Service\GoogleDrive->authenticate('4/sxAfrp6PhzW-G...')
#3 /home/ubuntu/workspace/vendor/zendframework/zend-mvc/src/Controller/AbstractActionController.php(82): Storage\Controller\GoogleController->googleReturnAction()
#4 [internal function]: Zend\Mvc\Controller\AbstractActionController->onDispatch(Object(Zend\Mvc\MvcEvent))
#5 /home/ubuntu/workspace/vendor/zendframework/zend-eventmanager/src/EventManager.php(444): call_user_func(Array, Object(Zend\Mvc\MvcEvent))
#6 /home/ubuntu/workspace/vendor/zendframework/zend-eventmanager/src/EventManager.php(205): Zend\EventManager\EventManager->triggerListeners('dispatch', Object(Zend\Mvc\MvcEvent), Object(Closure))
#7 /home/ubuntu/workspace/vendor/zendframework/zend-mvc/src/Controller/AbstractController.php(118): Zend\EventManager\EventManager->trigger('dispatch', Object(Zend\Mvc\MvcEvent), Object(Closure))
#8 /home/ubuntu/workspace/vendor/zendframework/zend-mvc/src/DispatchListener.php(93): Zend\Mvc\Controller\AbstractController->dispatch(Object(Zend\Http\PhpEnvironment\Request), Object(Zend\Http\PhpEnvironment\Response))
#9 [internal function]: Zend\Mvc\DispatchListener->onDispatch(Object(Zend\Mvc\MvcEvent))
#10 /home/ubuntu/workspace/vendor/zendframework/zend-eventmanager/src/EventManager.php(444): call_user_func(Array, Object(Zend\Mvc\MvcEvent))
#11 /home/ubuntu/workspace/vendor/zendframework/zend-eventmanager/src/EventManager.php(205): Zend\EventManager\EventManager->triggerListeners('dispatch', Object(Zend\Mvc\MvcEvent), Object(Closure))
#12 /home/ubuntu/workspace/vendor/zendframework/zend-mvc/src/Application.php(314): Zend\EventManager\EventManager->trigger('dispatch', Object(Zend\Mvc\MvcEvent), Object(Closure))
#13 /home/ubuntu/workspace/public/index.php(17): Zend\Mvc\Application->run()
#14 {main}
2015-08-14T13:04:44+03:00 CRIT (2): exception 'Google_Auth_Exception' with message 'Error fetching OAuth2 access token, message: 'invalid_grant: Code was already redeemed.'' in /home/ubuntu/workspace/vendor/google/google-api-php-client/src/Google/Auth/OAuth2.php:125
Stack trace:
#0 /home/ubuntu/workspace/vendor/google/google-api-php-client/src/Google/Client.php(128): Google_Auth_OAuth2->authenticate('4/EJhXQJDFXzRDd...', false)
#1 /home/ubuntu/workspace/module/Storage/src/Storage/Service/GoogleDrive.php(94): Google_Client->authenticate('4/EJhXQJDFXzRDd...')
#2 /home/ubuntu/workspace/module/Storage/src/Storage/Controller/GoogleController.php(184): Storage\Service\GoogleDrive->authenticate('4/EJhXQJDFXzRDd...')
#3 /home/ubuntu/workspace/vendor/zendframework/zend-mvc/src/Controller/AbstractActionController.php(82): Storage\Controller\GoogleController->googleReturnAction()
#4 [internal function]: Zend\Mvc\Controller\AbstractActionController->onDispatch(Object(Zend\Mvc\MvcEvent))
#5 /home/ubuntu/workspace/vendor/zendframework/zend-eventmanager/src/EventManager.php(444): call_user_func(Array, Object(Zend\Mvc\MvcEvent))
#6 /home/ubuntu/workspace/vendor/zendframework/zend-eventmanager/src/EventManager.php(205): Zend\EventManager\EventManager->triggerListeners('dispatch', Object(Zend\Mvc\MvcEvent), Object(Closure))
#7 /home/ubuntu/workspace/vendor/zendframework/zend-mvc/src/Controller/AbstractController.php(118): Zend\EventManager\EventManager->trigger('dispatch', Object(Zend\Mvc\MvcEvent), Object(Closure))
#8 /home/ubuntu/workspace/vendor/zendframework/zend-mvc/src/DispatchListener.php(93): Zend\Mvc\Controller\AbstractController->dispatch(Object(Zend\Http\PhpEnvironment\Request), Object(Zend\Http\PhpEnvironment\Response))
#9 [internal function]: Zend\Mvc\DispatchListener->onDispatch(Object(Zend\Mvc\MvcEvent))
#10 /home/ubuntu/workspace/vendor/zendframework/zend-eventmanager/src/EventManager.php(444): call_user_func(Array, Object(Zend\Mvc\MvcEvent))
#11 /home/ubuntu/workspace/vendor/zendframework/zend-eventmanager/src/EventManager.php(205): Zend\EventManager\EventManager->triggerListeners('dispatch', Object(Zend\Mvc\MvcEvent), Object(Closure))
#12 /home/ubuntu/workspace/vendor/zendframework/zend-mvc/src/Application.php(314): Zend\EventManager\EventManager->trigger('dispatch', Object(Zend\Mvc\MvcEvent), Object(Closure))
#13 /home/ubuntu/workspace/public/index.php(17): Zend\Mvc\Application->run()
#14 {main}
2015-08-14T13:07:27+03:00 CRIT (2): exception 'Google_Auth_Exception' with message 'Error fetching OAuth2 access token, message: 'invalid_grant: Code was already redeemed.'' in /home/ubuntu/workspace/vendor/google/google-api-php-client/src/Google/Auth/OAuth2.php:125
Stack trace:
#0 /home/ubuntu/workspace/vendor/google/google-api-php-client/src/Google/Client.php(128): Google_Auth_OAuth2->authenticate('4/01i64CujHMmPy...', false)
#1 /home/ubuntu/workspace/module/Storage/src/Storage/Service/GoogleDrive.php(94): Google_Client->authenticate('4/01i64CujHMmPy...')
#2 /home/ubuntu/workspace/module/Storage/src/Storage/Controller/GoogleController.php(184): Storage\Service\GoogleDrive->authenticate('4/01i64CujHMmPy...')
#3 /home/ubuntu/workspace/vendor/zendframework/zend-mvc/src/Controller/AbstractActionController.php(82): Storage\Controller\GoogleController->googleReturnAction()
#4 [internal function]: Zend\Mvc\Controller\AbstractActionController->onDispatch(Object(Zend\Mvc\MvcEvent))
#5 /home/ubuntu/workspace/vendor/zendframework/zend-eventmanager/src/EventManager.php(444): call_user_func(Array, Object(Zend\Mvc\MvcEvent))
#6 /home/ubuntu/workspace/vendor/zendframework/zend-eventmanager/src/EventManager.php(205): Zend\EventManager\EventManager->triggerListeners('dispatch', Object(Zend\Mvc\MvcEvent), Object(Closure))
#7 /home/ubuntu/workspace/vendor/zendframework/zend-mvc/src/Controller/AbstractController.php(118): Zend\EventManager\EventManager->trigger('dispatch', Object(Zend\Mvc\MvcEvent), Object(Closure))
#8 /home/ubuntu/workspace/vendor/zendframework/zend-mvc/src/DispatchListener.php(93): Zend\Mvc\Controller\AbstractController->dispatch(Object(Zend\Http\PhpEnvironment\Request), Object(Zend\Http\PhpEnvironment\Response))
#9 [internal function]: Zend\Mvc\DispatchListener->onDispatch(Object(Zend\Mvc\MvcEvent))
#10 /home/ubuntu/workspace/vendor/zendframework/zend-eventmanager/src/EventManager.php(444): call_user_func(Array, Object(Zend\Mvc\MvcEvent))
#11 /home/ubuntu/workspace/vendor/zendframework/zend-eventmanager/src/EventManager.php(205): Zend\EventManager\EventManager->triggerListeners('dispatch', Object(Zend\Mvc\MvcEvent), Object(Closure))
#12 /home/ubuntu/workspace/vendor/zendframework/zend-mvc/src/Application.php(314): Zend\EventManager\EventManager->trigger('dispatch', Object(Zend\Mvc\MvcEvent), Object(Closure))
#13 /home/ubuntu/workspace/public/index.php(17): Zend\Mvc\Application->run()
#14 {main}
