2015-07-23T07:46:57+00:00 INFO (6): Create category request
2015-07-23T07:46:58+00:00 INFO (6): {"Title":"A test","Slug":"new test","Status":"998","ParentId":5}
2015-07-23T08:46:38+00:00 INFO (6): Create category request
2015-07-23T08:46:38+00:00 INFO (6): {"CategoryId":34,"Title":"A test","Slug":"new test","Created":"2015-07-23 07:46:58","Updated":"2015-07-23 07:46:58","Status":"200","ParentId":5}
2015-07-23T08:57:19+00:00 INFO (6): Create category request
2015-07-23T08:57:19+00:00 INFO (6): {"Title":"hello zzz","Slug":"wordsz","Status":"997"}
2015-07-23T08:57:32+00:00 INFO (6): Create category request
2015-07-23T08:57:32+00:00 INFO (6): {"CategoryId":36,"Title":"hello zzz","Slug":"wordsz","Created":"2015-07-23 08:57:19","Updated":"2015-07-23 08:57:19","Status":"107","ParentId":5}
2015-07-23T08:57:44+00:00 INFO (6): Create category request
2015-07-23T08:57:44+00:00 INFO (6): {"CategoryId":37,"Title":"hello zzz disabled","Slug":"wordsz","Created":"2015-07-23 08:57:32","Updated":"2015-07-23 08:57:32","Status":"998","ParentId":5}
2015-07-23T09:02:06+00:00 INFO (6): Create category request
2015-07-23T09:02:06+00:00 INFO (6): {"CategoryId":38,"Title":"hello zzz disabled","Slug":"wordsz","Created":"2015-07-23 08:57:44","Updated":"2015-07-23 08:57:44","Status":"500"}
2015-07-23T09:02:28+00:00 INFO (6): Create category request
2015-07-23T09:02:28+00:00 INFO (6): {"CategoryId":39,"Title":"hello zzz disabled","Slug":"wordsz","Created":"2015-07-23 09:02:06","Updated":"2015-07-23 09:02:06","Status":"107"}
2015-07-23T09:02:39+00:00 INFO (6): Create category request
2015-07-23T09:02:39+00:00 INFO (6): {"CategoryId":40,"Title":"hello zzz disabled","Slug":"wordsz","Created":"2015-07-23 09:02:28","Updated":"2015-07-23 09:02:28","Status":"307"}
2015-07-23T09:02:50+00:00 INFO (6): Create category request
2015-07-23T09:02:50+00:00 INFO (6): {"CategoryId":41,"Title":"hello zzz disabled","Slug":"wordsz","Created":"2015-07-23 09:02:39","Updated":"2015-07-23 09:02:39","Status":"200"}
2015-07-23T09:53:36+00:00 INFO (6): Create category request
2015-07-23T09:53:36+00:00 INFO (6): {"CategoryId":42,"Title":"hello zzz disabled","Slug":"wordsz","Created":"2015-07-23 09:02:50","Updated":"2015-07-23 09:02:50","Status":200,"ParentId":"5"}
2015-07-23T09:54:04+00:00 INFO (6): Create category request
2015-07-23T09:54:04+00:00 INFO (6): {"CategoryId":42,"Title":"hello zzz disabled the very long message in here","Slug":"wordsz","Created":"2015-07-23 09:02:50","Updated":"2015-07-23 09:02:50","Status":200,"ParentId":"5"}
2015-07-23T09:54:08+00:00 INFO (6): Create category request
2015-07-23T09:54:08+00:00 INFO (6): {"CategoryId":42,"Title":"hello zzz disabled the very long message in here hello zzz disabled the very long message in here hello zzz disabled the very long message in here","Slug":"wordsz","Created":"2015-07-23 09:02:50","Updated":"2015-07-23 09:02:50","Status":200,"ParentId":"5"}
2015-07-23T09:54:23+00:00 INFO (6): Create category request
2015-07-23T09:54:23+00:00 INFO (6): {"CategoryId":42,"Title":"hello zzz disabled the very long message in here","Slug":"wordsz","Created":"2015-07-23 09:02:50","Updated":"2015-07-23 09:02:50","Status":200,"ParentId":"5"}
2015-07-23T09:55:16+00:00 INFO (6): Create category request
2015-07-23T09:55:16+00:00 INFO (6): {"CategoryId":42,"Title":"hello zzz disabled the very long message in here","Slug":"wordsz","Created":"2015-07-23 09:02:50","Updated":"2015-07-23 09:02:50","Status":200,"ParentId":"5"}
2015-07-23T09:55:24+00:00 INFO (6): Create category request
2015-07-23T09:55:24+00:00 INFO (6): {"CategoryId":42,"Title":"hello zzz disabled the very long message in here","Slug":"wordsz","Created":"2015-07-23 09:02:50","Updated":"2015-07-23 09:02:50","Status":200,"ParentId":"5"}
2015-07-23T09:56:00+00:00 INFO (6): Create category request
2015-07-23T09:56:00+00:00 INFO (6): {"CategoryId":42,"Title":"hello zzz disabled the very long message in here","Slug":"wordsz","Created":"2015-07-23 09:02:50","Updated":"2015-07-23 09:02:50","Status":200,"ParentId":"5"}
2015-07-23T09:56:50+00:00 INFO (6): Create category request
2015-07-23T09:56:50+00:00 INFO (6): {"CategoryId":42,"Title":"hello zzz disabled the very long message in here","Slug":"wordsz","Created":"2015-07-23 09:02:50","Updated":"2015-07-23 09:02:50","Status":200,"ParentId":"5"}
2015-07-23T09:57:19+00:00 INFO (6): Create category request
2015-07-23T09:57:20+00:00 INFO (6): {"CategoryId":42,"Title":"hello zzz disabled the very long message in here","Slug":"wordsz","Created":"2015-07-23 09:02:50","Updated":"2015-07-23 09:02:50","Status":200,"ParentId":"5"}
2015-07-23T09:59:29+00:00 INFO (6): Create category request
2015-07-23T09:59:29+00:00 INFO (6): {"CategoryId":42,"Title":"hello zzz disabled the very long message in here","Slug":"wordsz","Created":"2015-07-23 09:02:50","Updated":"2015-07-23 09:02:50","Status":200,"ParentId":"5"}
2015-07-23T09:59:55+00:00 INFO (6): Create category request
2015-07-23T09:59:55+00:00 INFO (6): {"CategoryId":42,"Title":"hello zzz disabled the very long message in here","Slug":"wordsz","Created":"2015-07-23 09:02:50","Updated":"2015-07-23 09:02:50","Status":200,"ParentId":"5"}
2015-07-23T10:00:08+00:00 INFO (6): Create category request
2015-07-23T10:00:08+00:00 INFO (6): {"CategoryId":42,"Title":"hello zzz disabled the very long message in here","Slug":"wordsz","Created":"2015-07-23 09:02:50","Updated":"2015-07-23 09:02:50","Status":200,"ParentId":"1"}
2015-07-23T10:00:14+00:00 INFO (6): Create category request
2015-07-23T10:00:14+00:00 INFO (6): {"CategoryId":42,"Title":"hello zzz disabled the very long message in here","Slug":"wordsz","Created":"2015-07-23 09:02:50","Updated":"2015-07-23 09:02:50","Status":"307","ParentId":"1"}
2015-07-23T10:00:22+00:00 INFO (6): Create category request
2015-07-23T10:00:22+00:00 INFO (6): {"CategoryId":42,"Title":"hello zzz disabled the very long message in here","Slug":"wordsz","Created":"2015-07-23 09:02:50","Updated":"2015-07-23 09:02:50","Status":"307","ParentId":"1"}
2015-07-23T10:00:52+00:00 INFO (6): Create category request
2015-07-23T10:00:52+00:00 INFO (6): {"CategoryId":42,"Title":"hello zzz disabled the very long message in here","Slug":"wordsz","Created":"2015-07-23 09:02:50","Updated":"2015-07-23 09:02:50","Status":307,"ParentId":1}
2015-07-23T10:00:56+00:00 INFO (6): Create category request
2015-07-23T10:00:56+00:00 INFO (6): {"CategoryId":42,"Title":"hello zzz disabled the very long message in here","Slug":"wordszz","Created":"2015-07-23 09:02:50","Updated":"2015-07-23 09:02:50","Status":307,"ParentId":1}
2015-07-23T10:01:06+00:00 INFO (6): Create category request
2015-07-23T10:01:06+00:00 INFO (6): {"CategoryId":42,"Title":"hello zzz disabled the very long message in here","Slug":"wordszz","Created":"2015-07-23 09:02:50","Updated":"2015-07-23 09:02:50","Status":307,"ParentId":"5"}
2015-07-23T10:01:16+00:00 INFO (6): Create category request
2015-07-23T10:01:16+00:00 INFO (6): {"CategoryId":42,"Title":"hello zzz disabled the very long message in here","Slug":"wordszz","Created":"2015-07-23 09:02:50","Updated":"2015-07-23 09:02:50","Status":307,"ParentId":"1"}
2015-07-23T12:22:40+00:00 INFO (6): Create category request
2015-07-23T12:22:40+00:00 INFO (6): {"Title":"Some test new bla","Slug":"bla bla bla","Status":"200","ParentId":5}
2015-07-23T14:45:00+00:00 INFO (6): Create category request
2015-07-23T14:45:00+00:00 INFO (6): {"CategoryId":39,"Title":"hello zzz disabled","Slug":"wordsz","Created":"2015-07-23 09:02:06","Updated":"2015-07-23 09:02:06","Status":"200"}
2015-07-23T14:45:08+00:00 INFO (6): Create category request
2015-07-23T14:45:08+00:00 INFO (6): {"CategoryId":41,"Title":"hello zzz disabled","Slug":"wordsz","Created":"2015-07-23 09:02:39","Updated":"2015-07-23 09:02:39","Status":"500"}
2015-07-23T14:45:18+00:00 INFO (6): Create category request
2015-07-23T14:45:18+00:00 INFO (6): {"CategoryId":1,"Title":"Electronics","Slug":"electronics","Created":"2015-07-06 00:00:00","Updated":"2015-07-10 00:00:00","Status":"307"}
